{"/home/travis/build/npmtest/node-npmtest-iodocs/test.js":{"path":"/home/travis/build/npmtest/node-npmtest-iodocs/test.js","s":{"1":2,"2":2,"3":2,"4":2,"5":2,"6":2,"7":2,"8":1,"9":2,"10":2,"11":1,"12":1,"13":1,"14":1,"15":2,"16":2,"17":2,"18":2,"19":1,"20":1,"21":2,"22":2,"23":2,"24":1,"25":1,"26":1,"27":1,"28":1,"29":1,"30":1,"31":1,"32":1,"33":1,"34":1,"35":1,"36":1,"37":1,"38":1,"39":2,"40":2,"41":1,"42":2,"43":2,"44":1,"45":2,"46":2,"47":1,"48":2,"49":2,"50":1,"51":1,"52":1,"53":1,"54":1},"b":{"1":[2,1,1,1],"2":[1,1,1,1],"3":[1,1],"4":[1,1],"5":[1,1],"6":[1,1],"7":[1,1],"8":[1,1],"9":[1,1],"10":[1,1,1],"11":[1,1],"12":[1,1],"13":[1,1],"14":[1,1],"15":[1,1],"16":[1,1],"17":[1,1]},"f":{"1":2,"2":2,"3":2,"4":2,"5":2,"6":1,"7":1,"8":1,"9":2,"10":2,"11":2,"12":2,"13":1},"fnMap":{"1":{"name":"(anonymous_1)","line":12,"loc":{"start":{"line":12,"column":1},"end":{"line":12,"column":13}}},"2":{"name":"(anonymous_2)","line":19,"loc":{"start":{"line":19,"column":5},"end":{"line":19,"column":17}}},"3":{"name":"(anonymous_3)","line":23,"loc":{"start":{"line":23,"column":24},"end":{"line":23,"column":36}}},"4":{"name":"(anonymous_4)","line":61,"loc":{"start":{"line":61,"column":5},"end":{"line":61,"column":17}}},"5":{"name":"(anonymous_5)","line":82,"loc":{"start":{"line":82,"column":5},"end":{"line":82,"column":17}}},"6":{"name":"(anonymous_6)","line":91,"loc":{"start":{"line":91,"column":77},"end":{"line":94,"column":10}}},"7":{"name":"(anonymous_7)","line":112,"loc":{"start":{"line":112,"column":83},"end":{"line":115,"column":10}},"skip":true},"8":{"name":"(anonymous_8)","line":123,"loc":{"start":{"line":123,"column":77},"end":{"line":126,"column":10}},"skip":true},"9":{"name":"(anonymous_9)","line":139,"loc":{"start":{"line":139,"column":12},"end":{"line":139,"column":40}},"skip":true},"10":{"name":"(anonymous_10)","line":147,"loc":{"start":{"line":147,"column":77},"end":{"line":150,"column":10}},"skip":true},"11":{"name":"(anonymous_11)","line":158,"loc":{"start":{"line":158,"column":83},"end":{"line":161,"column":10}},"skip":true},"12":{"name":"(anonymous_12)","line":169,"loc":{"start":{"line":169,"column":79},"end":{"line":172,"column":10}},"skip":true},"13":{"name":"(anonymous_13)","line":180,"loc":{"start":{"line":180,"column":75},"end":{"line":183,"column":10}},"skip":true}},"statementMap":{"1":{"start":{"line":12,"column":0},"end":{"line":195,"column":5}},"2":{"start":{"line":14,"column":4},"end":{"line":14,"column":14}},"3":{"start":{"line":19,"column":4},"end":{"line":56,"column":9}},"4":{"start":{"line":21,"column":8},"end":{"line":21,"column":19}},"5":{"start":{"line":23,"column":8},"end":{"line":35,"column":13}},"6":{"start":{"line":24,"column":12},"end":{"line":34,"column":13}},"7":{"start":{"line":25,"column":16},"end":{"line":28,"column":30}},"8":{"start":{"line":30,"column":16},"end":{"line":33,"column":27}},"9":{"start":{"line":37,"column":8},"end":{"line":39,"column":21}},"10":{"start":{"line":40,"column":8},"end":{"line":53,"column":9}},"11":{"start":{"line":43,"column":12},"end":{"line":46,"column":14}},"12":{"start":{"line":47,"column":12},"end":{"line":47,"column":18}},"13":{"start":{"line":50,"column":12},"end":{"line":51,"column":33}},"14":{"start":{"line":52,"column":12},"end":{"line":52,"column":18}},"15":{"start":{"line":55,"column":8},"end":{"line":55,"column":35}},"16":{"start":{"line":61,"column":4},"end":{"line":63,"column":9}},"17":{"start":{"line":62,"column":8},"end":{"line":62,"column":15}},"18":{"start":{"line":64,"column":4},"end":{"line":77,"column":5}},"19":{"start":{"line":70,"column":8},"end":{"line":70,"column":14}},"20":{"start":{"line":76,"column":8},"end":{"line":76,"column":14}},"21":{"start":{"line":82,"column":4},"end":{"line":84,"column":9}},"22":{"start":{"line":83,"column":8},"end":{"line":83,"column":15}},"23":{"start":{"line":85,"column":4},"end":{"line":194,"column":5}},"24":{"start":{"line":91,"column":8},"end":{"line":99,"column":10}},"25":{"start":{"line":98,"column":12},"end":{"line":98,"column":35}},"26":{"start":{"line":102,"column":8},"end":{"line":104,"column":63}},"27":{"start":{"line":105,"column":8},"end":{"line":105,"column":14}},"28":{"start":{"line":112,"column":8},"end":{"line":121,"column":10},"skip":true},"29":{"start":{"line":119,"column":12},"end":{"line":119,"column":55},"skip":true},"30":{"start":{"line":120,"column":12},"end":{"line":120,"column":48},"skip":true},"31":{"start":{"line":123,"column":8},"end":{"line":136,"column":10},"skip":true},"32":{"start":{"line":130,"column":12},"end":{"line":130,"column":76},"skip":true},"33":{"start":{"line":131,"column":12},"end":{"line":131,"column":73},"skip":true},"34":{"start":{"line":132,"column":12},"end":{"line":132,"column":74},"skip":true},"35":{"start":{"line":133,"column":12},"end":{"line":133,"column":79},"skip":true},"36":{"start":{"line":134,"column":12},"end":{"line":134,"column":25},"skip":true},"37":{"start":{"line":135,"column":12},"end":{"line":135,"column":45},"skip":true},"38":{"start":{"line":138,"column":8},"end":{"line":145,"column":14},"skip":true},"39":{"start":{"line":143,"column":16},"end":{"line":143,"column":29},"skip":true},"40":{"start":{"line":144,"column":16},"end":{"line":144,"column":55},"skip":true},"41":{"start":{"line":147,"column":8},"end":{"line":156,"column":10},"skip":true},"42":{"start":{"line":154,"column":12},"end":{"line":154,"column":25},"skip":true},"43":{"start":{"line":155,"column":12},"end":{"line":155,"column":45},"skip":true},"44":{"start":{"line":158,"column":8},"end":{"line":167,"column":10},"skip":true},"45":{"start":{"line":165,"column":12},"end":{"line":165,"column":25},"skip":true},"46":{"start":{"line":166,"column":12},"end":{"line":166,"column":48},"skip":true},"47":{"start":{"line":169,"column":8},"end":{"line":178,"column":10},"skip":true},"48":{"start":{"line":176,"column":12},"end":{"line":176,"column":25},"skip":true},"49":{"start":{"line":177,"column":12},"end":{"line":177,"column":46},"skip":true},"50":{"start":{"line":180,"column":8},"end":{"line":189,"column":10},"skip":true},"51":{"start":{"line":187,"column":12},"end":{"line":187,"column":94},"skip":true},"52":{"start":{"line":188,"column":12},"end":{"line":188,"column":48},"skip":true},"53":{"start":{"line":192,"column":8},"end":{"line":192,"column":35},"skip":true},"54":{"start":{"line":193,"column":8},"end":{"line":193,"column":14},"skip":true}},"branchMap":{"1":{"line":25,"type":"binary-expr","locations":[{"start":{"line":25,"column":23},"end":{"line":25,"column":62}},{"start":{"line":26,"column":20},"end":{"line":26,"column":70}},{"start":{"line":27,"column":20},"end":{"line":27,"column":71}},{"start":{"line":28,"column":20},"end":{"line":28,"column":29}}]},"2":{"line":30,"type":"binary-expr","locations":[{"start":{"line":30,"column":23},"end":{"line":30,"column":37}},{"start":{"line":31,"column":20},"end":{"line":31,"column":61}},{"start":{"line":32,"column":20},"end":{"line":32,"column":70}},{"start":{"line":33,"column":20},"end":{"line":33,"column":26}}]},"3":{"line":37,"type":"cond-expr","locations":[{"start":{"line":38,"column":14},"end":{"line":38,"column":20}},{"start":{"line":39,"column":14},"end":{"line":39,"column":20}}]},"4":{"line":40,"type":"switch","locations":[{"start":{"line":42,"column":8},"end":{"line":47,"column":18}},{"start":{"line":49,"column":8},"end":{"line":52,"column":18}}]},"5":{"line":44,"type":"binary-expr","locations":[{"start":{"line":44,"column":16},"end":{"line":44,"column":44}},{"start":{"line":44,"column":48},"end":{"line":44,"column":66}}]},"6":{"line":50,"type":"binary-expr","locations":[{"start":{"line":50,"column":21},"end":{"line":50,"column":49}},{"start":{"line":50,"column":53},"end":{"line":50,"column":72}}]},"7":{"line":64,"type":"switch","locations":[{"start":{"line":69,"column":4},"end":{"line":70,"column":14}},{"start":{"line":75,"column":4},"end":{"line":76,"column":14}}]},"8":{"line":85,"type":"switch","locations":[{"start":{"line":90,"column":4},"end":{"line":105,"column":14}},{"start":{"line":111,"column":4},"end":{"line":193,"column":14},"skip":true}]},"9":{"line":91,"type":"binary-expr","locations":[{"start":{"line":91,"column":42},"end":{"line":91,"column":73}},{"start":{"line":91,"column":77},"end":{"line":99,"column":9}}]},"10":{"line":102,"type":"binary-expr","locations":[{"start":{"line":102,"column":18},"end":{"line":102,"column":32}},{"start":{"line":103,"column":12},"end":{"line":103,"column":53}},{"start":{"line":104,"column":12},"end":{"line":104,"column":61}}]},"11":{"line":112,"type":"binary-expr","locations":[{"start":{"line":112,"column":45},"end":{"line":112,"column":79},"skip":true},{"start":{"line":112,"column":83},"end":{"line":121,"column":9},"skip":true}]},"12":{"line":123,"type":"binary-expr","locations":[{"start":{"line":123,"column":42},"end":{"line":123,"column":73},"skip":true},{"start":{"line":123,"column":77},"end":{"line":136,"column":9},"skip":true}]},"13":{"line":138,"type":"binary-expr","locations":[{"start":{"line":138,"column":48},"end":{"line":138,"column":85},"skip":true},{"start":{"line":139,"column":12},"end":{"line":145,"column":13},"skip":true}]},"14":{"line":147,"type":"binary-expr","locations":[{"start":{"line":147,"column":42},"end":{"line":147,"column":73},"skip":true},{"start":{"line":147,"column":77},"end":{"line":156,"column":9},"skip":true}]},"15":{"line":158,"type":"binary-expr","locations":[{"start":{"line":158,"column":45},"end":{"line":158,"column":79},"skip":true},{"start":{"line":158,"column":83},"end":{"line":167,"column":9},"skip":true}]},"16":{"line":169,"type":"binary-expr","locations":[{"start":{"line":169,"column":43},"end":{"line":169,"column":75},"skip":true},{"start":{"line":169,"column":79},"end":{"line":178,"column":9},"skip":true}]},"17":{"line":180,"type":"binary-expr","locations":[{"start":{"line":180,"column":41},"end":{"line":180,"column":71},"skip":true},{"start":{"line":180,"column":75},"end":{"line":189,"column":9},"skip":true}]}},"code":["/* istanbul instrument in package npmtest_iodocs */","/*jslint","    bitwise: true,","    browser: true,","    maxerr: 8,","    maxlen: 96,","    node: true,","    nomen: true,","    regexp: true,","    stupid: true","*/","(function () {","    'use strict';","    var local;","","","","    // run shared js-env code - pre-init","    (function () {","        // init local","        local = {};","        // init modeJs","        local.modeJs = (function () {","            try {","                return typeof navigator.userAgent === 'string' &&","                    typeof document.querySelector('body') === 'object' &&","                    typeof XMLHttpRequest.prototype.open === 'function' &&","                    'browser';","            } catch (errorCaughtBrowser) {","                return module.exports &&","                    typeof process.versions.node === 'string' &&","                    typeof require('http').createServer === 'function' &&","                    'node';","            }","        }());","        // init global","        local.global = local.modeJs === 'browser'","            ? window","            : global;","        switch (local.modeJs) {","        // re-init local from window.local","        case 'browser':","            local = local.global.utility2.objectSetDefault(","                local.global.utility2_rollup || local.global.local,","                local.global.utility2","            );","            break;","        // re-init local from example.js","        case 'node':","            local = (local.global.utility2_rollup || require('utility2'))","                .requireReadme();","            break;","        }","        // export local","        local.global.local = local;","    }());","","","","    // run shared js-env code - function","    (function () {","        return;","    }());","    switch (local.modeJs) {","","","","    // run browser js-env code - function","    case 'browser':","        break;","","","","    // run node js-env code - function","    case 'node':","        break;","    }","","","","    // run shared js-env code - post-init","    (function () {","        return;","    }());","    switch (local.modeJs) {","","","","    // run browser js-env code - post-init","    case 'browser':","        local.testCase_browser_nullCase = local.testCase_browser_nullCase || function (","            options,","            onError","        ) {","        /*","         * this function will test browsers's null-case handling-behavior-behavior","         */","            onError(null, options);","        };","","        // run tests","        local.nop(local.modeTest &&","            document.querySelector('#testRunButton1') &&","            document.querySelector('#testRunButton1').click());","        break;","","","","    // run node js-env code - post-init","    /* istanbul ignore next */","    case 'node':","        local.testCase_buildApidoc_default = local.testCase_buildApidoc_default || function (","            options,","            onError","        ) {","        /*","         * this function will test buildApidoc's default handling-behavior-behavior","         */","            options = { modulePathList: module.paths };","            local.buildApidoc(options, onError);","        };","","        local.testCase_buildApp_default = local.testCase_buildApp_default || function (","            options,","            onError","        ) {","        /*","         * this function will test buildApp's default handling-behavior-behavior","         */","            local.testCase_buildReadme_default(options, local.onErrorThrow);","            local.testCase_buildLib_default(options, local.onErrorThrow);","            local.testCase_buildTest_default(options, local.onErrorThrow);","            local.testCase_buildCustomOrg_default(options, local.onErrorThrow);","            options = [];","            local.buildApp(options, onError);","        };","","        local.testCase_buildCustomOrg_default = local.testCase_buildCustomOrg_default ||","            function (options, onError) {","            /*","             * this function will test buildCustomOrg's default handling-behavior","             */","                options = {};","                local.buildCustomOrg(options, onError);","            };","","        local.testCase_buildLib_default = local.testCase_buildLib_default || function (","            options,","            onError","        ) {","        /*","         * this function will test buildLib's default handling-behavior","         */","            options = {};","            local.buildLib(options, onError);","        };","","        local.testCase_buildReadme_default = local.testCase_buildReadme_default || function (","            options,","            onError","        ) {","        /*","         * this function will test buildReadme's default handling-behavior-behavior","         */","            options = {};","            local.buildReadme(options, onError);","        };","","        local.testCase_buildTest_default = local.testCase_buildTest_default || function (","            options,","            onError","        ) {","        /*","         * this function will test buildTest's default handling-behavior","         */","            options = {};","            local.buildTest(options, onError);","        };","","        local.testCase_webpage_default = local.testCase_webpage_default || function (","            options,","            onError","        ) {","        /*","         * this function will test webpage's default handling-behavior","         */","            options = { modeCoverageMerge: true, url: local.serverLocalHost + '?modeTest=1' };","            local.browserTest(options, onError);","        };","","        // run test-server","        local.testRunServer(local);","        break;","    }","}());",""],"l":{"12":2,"14":2,"19":2,"21":2,"23":2,"24":2,"25":2,"30":1,"37":2,"40":2,"43":1,"47":1,"50":1,"52":1,"55":2,"61":2,"62":2,"64":2,"70":1,"76":1,"82":2,"83":2,"85":2,"91":1,"98":1,"102":1,"105":1,"112":1,"119":1,"120":1,"123":1,"130":1,"131":1,"132":1,"133":1,"134":1,"135":1,"138":1,"143":2,"144":2,"147":1,"154":2,"155":2,"158":1,"165":2,"166":2,"169":1,"176":2,"177":2,"180":1,"187":1,"188":1,"192":1,"193":1}},"/home/travis/build/npmtest/node-npmtest-iodocs/lib.npmtest_iodocs.js":{"path":"/home/travis/build/npmtest/node-npmtest-iodocs/lib.npmtest_iodocs.js","s":{"1":2,"2":2,"3":2,"4":2,"5":2,"6":2,"7":2,"8":1,"9":2,"10":2,"11":2,"12":2,"13":1,"14":1,"15":1,"16":1},"b":{"1":[2,1,1,1],"2":[1,1,1,1],"3":[1,1],"4":[2,2],"5":[1,1]},"f":{"1":2,"2":2,"3":2},"fnMap":{"1":{"name":"(anonymous_1)","line":12,"loc":{"start":{"line":12,"column":1},"end":{"line":12,"column":13}}},"2":{"name":"(anonymous_2)","line":19,"loc":{"start":{"line":19,"column":5},"end":{"line":19,"column":17}}},"3":{"name":"(anonymous_3)","line":23,"loc":{"start":{"line":23,"column":24},"end":{"line":23,"column":36}}}},"statementMap":{"1":{"start":{"line":12,"column":0},"end":{"line":53,"column":5}},"2":{"start":{"line":14,"column":4},"end":{"line":14,"column":14}},"3":{"start":{"line":19,"column":4},"end":{"line":52,"column":9}},"4":{"start":{"line":21,"column":8},"end":{"line":21,"column":19}},"5":{"start":{"line":23,"column":8},"end":{"line":35,"column":13}},"6":{"start":{"line":24,"column":12},"end":{"line":34,"column":13}},"7":{"start":{"line":25,"column":16},"end":{"line":28,"column":30}},"8":{"start":{"line":30,"column":16},"end":{"line":33,"column":27}},"9":{"start":{"line":37,"column":8},"end":{"line":39,"column":21}},"10":{"start":{"line":41,"column":8},"end":{"line":41,"column":54}},"11":{"start":{"line":43,"column":8},"end":{"line":43,"column":51}},"12":{"start":{"line":45,"column":8},"end":{"line":51,"column":9}},"13":{"start":{"line":46,"column":12},"end":{"line":46,"column":57}},"14":{"start":{"line":48,"column":12},"end":{"line":48,"column":35}},"15":{"start":{"line":49,"column":12},"end":{"line":49,"column":49}},"16":{"start":{"line":50,"column":12},"end":{"line":50,"column":43}}},"branchMap":{"1":{"line":25,"type":"binary-expr","locations":[{"start":{"line":25,"column":23},"end":{"line":25,"column":62}},{"start":{"line":26,"column":20},"end":{"line":26,"column":70}},{"start":{"line":27,"column":20},"end":{"line":27,"column":71}},{"start":{"line":28,"column":20},"end":{"line":28,"column":29}}]},"2":{"line":30,"type":"binary-expr","locations":[{"start":{"line":30,"column":23},"end":{"line":30,"column":37}},{"start":{"line":31,"column":20},"end":{"line":31,"column":61}},{"start":{"line":32,"column":20},"end":{"line":32,"column":70}},{"start":{"line":33,"column":20},"end":{"line":33,"column":26}}]},"3":{"line":37,"type":"cond-expr","locations":[{"start":{"line":38,"column":14},"end":{"line":38,"column":20}},{"start":{"line":39,"column":14},"end":{"line":39,"column":20}}]},"4":{"line":41,"type":"binary-expr","locations":[{"start":{"line":41,"column":16},"end":{"line":41,"column":44}},{"start":{"line":41,"column":48},"end":{"line":41,"column":53}}]},"5":{"line":45,"type":"if","locations":[{"start":{"line":45,"column":8},"end":{"line":45,"column":8}},{"start":{"line":45,"column":8},"end":{"line":45,"column":8}}]}},"code":["/* istanbul instrument in package npmtest_iodocs */","/*jslint","    bitwise: true,","    browser: true,","    maxerr: 8,","    maxlen: 96,","    node: true,","    nomen: true,","    regexp: true,","    stupid: true","*/","(function () {","    'use strict';","    var local;","","","","    // run shared js-env code - pre-init","    (function () {","        // init local","        local = {};","        // init modeJs","        local.modeJs = (function () {","            try {","                return typeof navigator.userAgent === 'string' &&","                    typeof document.querySelector('body') === 'object' &&","                    typeof XMLHttpRequest.prototype.open === 'function' &&","                    'browser';","            } catch (errorCaughtBrowser) {","                return module.exports &&","                    typeof process.versions.node === 'string' &&","                    typeof require('http').createServer === 'function' &&","                    'node';","            }","        }());","        // init global","        local.global = local.modeJs === 'browser'","            ? window","            : global;","        // init utility2_rollup","        local = local.global.utility2_rollup || local;","        // init lib","        local.local = local.npmtest_iodocs = local;","        // init exports","        if (local.modeJs === 'browser') {","            local.global.utility2_npmtest_iodocs = local;","        } else {","            module.exports = local;","            module.exports.__dirname = __dirname;","            module.exports.module = module;","        }","    }());","}());",""],"l":{"12":2,"14":2,"19":2,"21":2,"23":2,"24":2,"25":2,"30":1,"37":2,"41":2,"43":2,"45":2,"46":1,"48":1,"49":1,"50":1}},"/home/travis/build/npmtest/node-npmtest-iodocs/example.js":{"path":"/home/travis/build/npmtest/node-npmtest-iodocs/example.js","s":{"1":2,"2":2,"3":2,"4":2,"5":2,"6":2,"7":2,"8":1,"9":2,"10":2,"11":2,"12":2,"13":1,"14":2,"15":2,"16":2,"17":2,"18":2,"19":0,"20":2,"21":1,"22":1,"23":1,"24":1,"25":1,"26":0,"27":0,"28":1,"29":1,"30":2,"31":0,"32":0,"33":0,"34":1,"35":2,"36":2,"37":3,"38":3,"39":3,"40":3,"41":0,"42":3,"43":3,"44":3,"45":1,"46":3,"47":1,"48":1,"49":1,"50":1,"51":1,"52":1,"53":1,"54":1,"55":1,"56":1,"57":0,"58":1,"59":6,"60":6,"61":1,"62":2,"63":0,"64":2,"65":1,"66":1,"67":0,"68":0,"69":0,"70":0,"71":0,"72":0,"73":0,"74":0,"75":0,"76":0,"77":0,"78":0,"79":0,"80":0,"81":0,"82":0,"83":0},"b":{"1":[2,1,1,1],"2":[1,1,1,1],"3":[1,1],"4":[2,2],"5":[1,1],"6":[1,1],"7":[2,0],"8":[2,1,1,1,1,1],"9":[0,2,0],"10":[1,1],"11":[2,1,1],"12":[1,0],"13":[0,2],"14":[2,0,0,0,0,0,0],"15":[0,3],"16":[3,0],"17":[1,1],"18":[0,1],"19":[1,2,0,2],"20":[1,0],"21":[1,1],"22":[0,0],"23":[0,0],"24":[0,0],"25":[0,0],"26":[0,0],"27":[0,0],"28":[0,0]},"f":{"1":2,"2":2,"3":2,"4":2,"5":2,"6":2,"7":3,"8":3,"9":3,"10":1,"11":6,"12":0},"fnMap":{"1":{"name":"(anonymous_1)","line":26,"loc":{"start":{"line":26,"column":1},"end":{"line":26,"column":13}}},"2":{"name":"(anonymous_2)","line":33,"loc":{"start":{"line":33,"column":5},"end":{"line":33,"column":17}}},"3":{"name":"(anonymous_3)","line":37,"loc":{"start":{"line":37,"column":24},"end":{"line":37,"column":36}}},"4":{"name":"(anonymous_4)","line":69,"loc":{"start":{"line":69,"column":31},"end":{"line":69,"column":48}},"skip":true},"5":{"name":"(anonymous_5)","line":78,"loc":{"start":{"line":78,"column":26},"end":{"line":78,"column":45}},"skip":true},"6":{"name":"(anonymous_6)","line":123,"loc":{"start":{"line":123,"column":33},"end":{"line":123,"column":48}},"skip":true},"7":{"name":"(anonymous_7)","line":125,"loc":{"start":{"line":125,"column":27},"end":{"line":125,"column":39}},"skip":true},"8":{"name":"(anonymous_8)","line":133,"loc":{"start":{"line":133,"column":59},"end":{"line":133,"column":74}},"skip":true},"9":{"name":"(anonymous_9)","line":143,"loc":{"start":{"line":143,"column":45},"end":{"line":143,"column":62}},"skip":true},"10":{"name":"(anonymous_10)","line":144,"loc":{"start":{"line":144,"column":73},"end":{"line":144,"column":92}},"skip":true},"11":{"name":"(anonymous_11)","line":272,"loc":{"start":{"line":272,"column":51},"end":{"line":272,"column":77}},"skip":true},"12":{"name":"(anonymous_12)","line":315,"loc":{"start":{"line":315,"column":32},"end":{"line":315,"column":61}},"skip":true}},"statementMap":{"1":{"start":{"line":26,"column":0},"end":{"line":326,"column":5}},"2":{"start":{"line":28,"column":4},"end":{"line":28,"column":14}},"3":{"start":{"line":33,"column":4},"end":{"line":60,"column":9}},"4":{"start":{"line":35,"column":8},"end":{"line":35,"column":19}},"5":{"start":{"line":37,"column":8},"end":{"line":49,"column":13}},"6":{"start":{"line":38,"column":12},"end":{"line":48,"column":13}},"7":{"start":{"line":39,"column":16},"end":{"line":42,"column":30}},"8":{"start":{"line":44,"column":16},"end":{"line":47,"column":27}},"9":{"start":{"line":51,"column":8},"end":{"line":53,"column":21}},"10":{"start":{"line":55,"column":8},"end":{"line":57,"column":45}},"11":{"start":{"line":59,"column":8},"end":{"line":59,"column":35}},"12":{"start":{"line":61,"column":4},"end":{"line":325,"column":5}},"13":{"start":{"line":69,"column":8},"end":{"line":121,"column":10},"skip":true},"14":{"start":{"line":70,"column":12},"end":{"line":88,"column":13},"skip":true},"15":{"start":{"line":76,"column":16},"end":{"line":87,"column":19},"skip":true},"16":{"start":{"line":79,"column":20},"end":{"line":86,"column":21},"skip":true},"17":{"start":{"line":82,"column":24},"end":{"line":82,"column":43},"skip":true},"18":{"start":{"line":83,"column":24},"end":{"line":83,"column":30},"skip":true},"19":{"start":{"line":85,"column":24},"end":{"line":85,"column":49},"skip":true},"20":{"start":{"line":89,"column":12},"end":{"line":107,"column":13},"skip":true},"21":{"start":{"line":92,"column":16},"end":{"line":102,"column":17},"skip":true},"22":{"start":{"line":93,"column":20},"end":{"line":93,"column":86},"skip":true},"23":{"start":{"line":94,"column":20},"end":{"line":95,"column":45},"skip":true},"24":{"start":{"line":96,"column":20},"end":{"line":96,"column":42},"skip":true},"25":{"start":{"line":97,"column":20},"end":{"line":97,"column":48},"skip":true},"26":{"start":{"line":100,"column":20},"end":{"line":100,"column":85},"skip":true},"27":{"start":{"line":101,"column":20},"end":{"line":101,"column":96},"skip":true},"28":{"start":{"line":103,"column":16},"end":{"line":103,"column":22},"skip":true},"29":{"start":{"line":106,"column":16},"end":{"line":106,"column":22},"skip":true},"30":{"start":{"line":108,"column":12},"end":{"line":120,"column":13},"skip":true},"31":{"start":{"line":114,"column":16},"end":{"line":119,"column":17},"skip":true},"32":{"start":{"line":116,"column":20},"end":{"line":116,"column":78},"skip":true},"33":{"start":{"line":118,"column":20},"end":{"line":118,"column":47},"skip":true},"34":{"start":{"line":123,"column":8},"end":{"line":141,"column":11},"skip":true},"35":{"start":{"line":124,"column":12},"end":{"line":124,"column":54},"skip":true},"36":{"start":{"line":125,"column":12},"end":{"line":140,"column":14},"skip":true},"37":{"start":{"line":126,"column":16},"end":{"line":126,"column":28},"skip":true},"38":{"start":{"line":127,"column":16},"end":{"line":127,"column":69},"skip":true},"39":{"start":{"line":128,"column":16},"end":{"line":128,"column":75},"skip":true},"40":{"start":{"line":129,"column":16},"end":{"line":131,"column":17},"skip":true},"41":{"start":{"line":130,"column":20},"end":{"line":130,"column":27},"skip":true},"42":{"start":{"line":133,"column":16},"end":{"line":137,"column":36},"skip":true},"43":{"start":{"line":134,"column":20},"end":{"line":136,"column":55},"skip":true},"44":{"start":{"line":139,"column":16},"end":{"line":139,"column":57},"skip":true},"45":{"start":{"line":143,"column":8},"end":{"line":147,"column":11},"skip":true},"46":{"start":{"line":144,"column":12},"end":{"line":146,"column":15},"skip":true},"47":{"start":{"line":145,"column":16},"end":{"line":145,"column":70},"skip":true},"48":{"start":{"line":149,"column":8},"end":{"line":149,"column":31},"skip":true},"49":{"start":{"line":150,"column":8},"end":{"line":150,"column":14},"skip":true},"50":{"start":{"line":158,"column":8},"end":{"line":158,"column":31},"skip":true},"51":{"start":{"line":160,"column":8},"end":{"line":160,"column":33},"skip":true},"52":{"start":{"line":161,"column":8},"end":{"line":161,"column":37},"skip":true},"53":{"start":{"line":162,"column":8},"end":{"line":162,"column":35},"skip":true},"54":{"start":{"line":164,"column":8},"end":{"line":164,"column":50},"skip":true},"55":{"start":{"line":166,"column":8},"end":{"line":256,"column":2},"skip":true},"56":{"start":{"line":258,"column":8},"end":{"line":286,"column":9},"skip":true},"57":{"start":{"line":259,"column":12},"end":{"line":269,"column":14},"skip":true},"58":{"start":{"line":271,"column":12},"end":{"line":285,"column":19},"skip":true},"59":{"start":{"line":274,"column":20},"end":{"line":274,"column":35},"skip":true},"60":{"start":{"line":275,"column":20},"end":{"line":284,"column":21},"skip":true},"61":{"start":{"line":277,"column":24},"end":{"line":277,"column":64},"skip":true},"62":{"start":{"line":279,"column":24},"end":{"line":279,"column":40},"skip":true},"63":{"start":{"line":281,"column":24},"end":{"line":281,"column":40},"skip":true},"64":{"start":{"line":283,"column":24},"end":{"line":283,"column":39},"skip":true},"65":{"start":{"line":288,"column":8},"end":{"line":290,"column":9},"skip":true},"66":{"start":{"line":289,"column":12},"end":{"line":289,"column":18},"skip":true},"67":{"start":{"line":291,"column":8},"end":{"line":293,"column":54},"skip":true},"68":{"start":{"line":296,"column":8},"end":{"line":301,"column":37},"skip":true},"69":{"start":{"line":303,"column":8},"end":{"line":303,"column":82},"skip":true},"70":{"start":{"line":306,"column":8},"end":{"line":308,"column":9},"skip":true},"71":{"start":{"line":307,"column":12},"end":{"line":307,"column":82},"skip":true},"72":{"start":{"line":310,"column":8},"end":{"line":312,"column":9},"skip":true},"73":{"start":{"line":311,"column":12},"end":{"line":311,"column":18},"skip":true},"74":{"start":{"line":313,"column":8},"end":{"line":313,"column":54},"skip":true},"75":{"start":{"line":314,"column":8},"end":{"line":314,"column":69},"skip":true},"76":{"start":{"line":315,"column":8},"end":{"line":323,"column":36},"skip":true},"77":{"start":{"line":316,"column":12},"end":{"line":316,"column":61},"skip":true},"78":{"start":{"line":317,"column":12},"end":{"line":320,"column":13},"skip":true},"79":{"start":{"line":318,"column":16},"end":{"line":318,"column":75},"skip":true},"80":{"start":{"line":319,"column":16},"end":{"line":319,"column":23},"skip":true},"81":{"start":{"line":321,"column":12},"end":{"line":321,"column":38},"skip":true},"82":{"start":{"line":322,"column":12},"end":{"line":322,"column":27},"skip":true},"83":{"start":{"line":324,"column":8},"end":{"line":324,"column":14},"skip":true}},"branchMap":{"1":{"line":39,"type":"binary-expr","locations":[{"start":{"line":39,"column":23},"end":{"line":39,"column":62}},{"start":{"line":40,"column":20},"end":{"line":40,"column":70}},{"start":{"line":41,"column":20},"end":{"line":41,"column":71}},{"start":{"line":42,"column":20},"end":{"line":42,"column":29}}]},"2":{"line":44,"type":"binary-expr","locations":[{"start":{"line":44,"column":23},"end":{"line":44,"column":37}},{"start":{"line":45,"column":20},"end":{"line":45,"column":61}},{"start":{"line":46,"column":20},"end":{"line":46,"column":70}},{"start":{"line":47,"column":20},"end":{"line":47,"column":26}}]},"3":{"line":51,"type":"cond-expr","locations":[{"start":{"line":52,"column":14},"end":{"line":52,"column":20}},{"start":{"line":53,"column":14},"end":{"line":53,"column":20}}]},"4":{"line":55,"type":"binary-expr","locations":[{"start":{"line":55,"column":16},"end":{"line":55,"column":44}},{"start":{"line":55,"column":49},"end":{"line":57,"column":43}}]},"5":{"line":55,"type":"cond-expr","locations":[{"start":{"line":56,"column":14},"end":{"line":56,"column":50}},{"start":{"line":57,"column":14},"end":{"line":57,"column":43}}]},"6":{"line":61,"type":"switch","locations":[{"start":{"line":68,"column":4},"end":{"line":150,"column":14},"skip":true},{"start":{"line":156,"column":4},"end":{"line":324,"column":14},"skip":true}]},"7":{"line":70,"type":"if","locations":[{"start":{"line":70,"column":12},"end":{"line":70,"column":12},"skip":true},{"start":{"line":70,"column":12},"end":{"line":70,"column":12},"skip":true}]},"8":{"line":70,"type":"binary-expr","locations":[{"start":{"line":70,"column":16},"end":{"line":70,"column":22},"skip":true},{"start":{"line":70,"column":27},"end":{"line":70,"column":32},"skip":true},{"start":{"line":71,"column":20},"end":{"line":71,"column":39},"skip":true},{"start":{"line":72,"column":20},"end":{"line":72,"column":49},"skip":true},{"start":{"line":73,"column":20},"end":{"line":73,"column":58},"skip":true},{"start":{"line":74,"column":20},"end":{"line":74,"column":69},"skip":true}]},"9":{"line":79,"type":"switch","locations":[{"start":{"line":80,"column":20},"end":{"line":80,"column":33},"skip":true},{"start":{"line":81,"column":20},"end":{"line":83,"column":30},"skip":true},{"start":{"line":84,"column":20},"end":{"line":85,"column":49},"skip":true}]},"10":{"line":89,"type":"switch","locations":[{"start":{"line":90,"column":12},"end":{"line":103,"column":22},"skip":true},{"start":{"line":105,"column":12},"end":{"line":106,"column":22},"skip":true}]},"11":{"line":89,"type":"binary-expr","locations":[{"start":{"line":89,"column":20},"end":{"line":89,"column":25},"skip":true},{"start":{"line":89,"column":29},"end":{"line":89,"column":48},"skip":true},{"start":{"line":89,"column":52},"end":{"line":89,"column":74},"skip":true}]},"12":{"line":92,"type":"if","locations":[{"start":{"line":92,"column":16},"end":{"line":92,"column":16},"skip":true},{"start":{"line":92,"column":16},"end":{"line":92,"column":16},"skip":true}]},"13":{"line":108,"type":"if","locations":[{"start":{"line":108,"column":12},"end":{"line":108,"column":12},"skip":true},{"start":{"line":108,"column":12},"end":{"line":108,"column":12},"skip":true}]},"14":{"line":108,"type":"binary-expr","locations":[{"start":{"line":108,"column":16},"end":{"line":108,"column":61},"skip":true},{"start":{"line":108,"column":66},"end":{"line":108,"column":72},"skip":true},{"start":{"line":108,"column":77},"end":{"line":108,"column":82},"skip":true},{"start":{"line":109,"column":20},"end":{"line":109,"column":39},"skip":true},{"start":{"line":110,"column":20},"end":{"line":110,"column":49},"skip":true},{"start":{"line":111,"column":20},"end":{"line":111,"column":58},"skip":true},{"start":{"line":112,"column":20},"end":{"line":112,"column":68},"skip":true}]},"15":{"line":129,"type":"if","locations":[{"start":{"line":129,"column":16},"end":{"line":129,"column":16},"skip":true},{"start":{"line":129,"column":16},"end":{"line":129,"column":16},"skip":true}]},"16":{"line":134,"type":"cond-expr","locations":[{"start":{"line":135,"column":26},"end":{"line":135,"column":29},"skip":true},{"start":{"line":136,"column":26},"end":{"line":136,"column":54},"skip":true}]},"17":{"line":164,"type":"binary-expr","locations":[{"start":{"line":164,"column":27},"end":{"line":164,"column":43},"skip":true},{"start":{"line":164,"column":47},"end":{"line":164,"column":49},"skip":true}]},"18":{"line":258,"type":"if","locations":[{"start":{"line":258,"column":8},"end":{"line":258,"column":8},"skip":true},{"start":{"line":258,"column":8},"end":{"line":258,"column":8},"skip":true}]},"19":{"line":275,"type":"switch","locations":[{"start":{"line":276,"column":20},"end":{"line":277,"column":64},"skip":true},{"start":{"line":278,"column":20},"end":{"line":279,"column":40},"skip":true},{"start":{"line":280,"column":20},"end":{"line":281,"column":40},"skip":true},{"start":{"line":282,"column":20},"end":{"line":283,"column":39},"skip":true}]},"20":{"line":288,"type":"if","locations":[{"start":{"line":288,"column":8},"end":{"line":288,"column":8},"skip":true},{"start":{"line":288,"column":8},"end":{"line":288,"column":8},"skip":true}]},"21":{"line":288,"type":"binary-expr","locations":[{"start":{"line":288,"column":12},"end":{"line":288,"column":40},"skip":true},{"start":{"line":288,"column":44},"end":{"line":288,"column":67},"skip":true}]},"22":{"line":292,"type":"binary-expr","locations":[{"start":{"line":292,"column":12},"end":{"line":292,"column":50},"skip":true},{"start":{"line":293,"column":12},"end":{"line":293,"column":53},"skip":true}]},"23":{"line":297,"type":"binary-expr","locations":[{"start":{"line":297,"column":12},"end":{"line":297,"column":64},"skip":true},{"start":{"line":298,"column":12},"end":{"line":301,"column":36},"skip":true}]},"24":{"line":303,"type":"binary-expr","locations":[{"start":{"line":303,"column":43},"end":{"line":303,"column":75},"skip":true},{"start":{"line":303,"column":79},"end":{"line":303,"column":81},"skip":true}]},"25":{"line":306,"type":"if","locations":[{"start":{"line":306,"column":8},"end":{"line":306,"column":8},"skip":true},{"start":{"line":306,"column":8},"end":{"line":306,"column":8},"skip":true}]},"26":{"line":310,"type":"if","locations":[{"start":{"line":310,"column":8},"end":{"line":310,"column":8},"skip":true},{"start":{"line":310,"column":8},"end":{"line":310,"column":8},"skip":true}]},"27":{"line":313,"type":"binary-expr","locations":[{"start":{"line":313,"column":27},"end":{"line":313,"column":43},"skip":true},{"start":{"line":313,"column":47},"end":{"line":313,"column":53},"skip":true}]},"28":{"line":317,"type":"if","locations":[{"start":{"line":317,"column":12},"end":{"line":317,"column":12},"skip":true},{"start":{"line":317,"column":12},"end":{"line":317,"column":12},"skip":true}]}},"code":["/*","example.js","","quickstart example","","instruction","    1. save this script as example.js","    2. run the shell command:","        $ npm install npmtest-iodocs && PORT=8081 node example.js","    3. play with the browser-demo on http://127.0.0.1:8081","*/","","","","/* istanbul instrument in package npmtest_iodocs */","/*jslint","    bitwise: true,","    browser: true,","    maxerr: 8,","    maxlen: 96,","    node: true,","    nomen: true,","    regexp: true,","    stupid: true","*/","(function () {","    'use strict';","    var local;","","","","    // run shared js-env code - pre-init","    (function () {","        // init local","        local = {};","        // init modeJs","        local.modeJs = (function () {","            try {","                return typeof navigator.userAgent === 'string' &&","                    typeof document.querySelector('body') === 'object' &&","                    typeof XMLHttpRequest.prototype.open === 'function' &&","                    'browser';","            } catch (errorCaughtBrowser) {","                return module.exports &&","                    typeof process.versions.node === 'string' &&","                    typeof require('http').createServer === 'function' &&","                    'node';","            }","        }());","        // init global","        local.global = local.modeJs === 'browser'","            ? window","            : global;","        // init utility2_rollup","        local = local.global.utility2_rollup || (local.modeJs === 'browser'","            ? local.global.utility2_npmtest_iodocs","            : global.utility2_moduleExports);","        // export local","        local.global.local = local;","    }());","    switch (local.modeJs) {","","","","    // post-init","    // run browser js-env code - post-init","    /* istanbul ignore next */","    case 'browser':","        local.testRunBrowser = function (event) {","            if (!event || (event &&","                    event.currentTarget &&","                    event.currentTarget.className &&","                    event.currentTarget.className.includes &&","                    event.currentTarget.className.includes('onreset'))) {","                // reset output","                Array.from(","                    document.querySelectorAll('body > .resettable')","                ).forEach(function (element) {","                    switch (element.tagName) {","                    case 'INPUT':","                    case 'TEXTAREA':","                        element.value = '';","                        break;","                    default:","                        element.textContent = '';","                    }","                });","            }","            switch (event && event.currentTarget && event.currentTarget.id) {","            case 'testRunButton1':","                // show tests","                if (document.querySelector('#testReportDiv1').style.display === 'none') {","                    document.querySelector('#testReportDiv1').style.display = 'block';","                    document.querySelector('#testRunButton1').textContent =","                        'hide internal test';","                    local.modeTest = true;","                    local.testRunDefault(local);","                // hide tests","                } else {","                    document.querySelector('#testReportDiv1').style.display = 'none';","                    document.querySelector('#testRunButton1').textContent = 'run internal test';","                }","                break;","            // custom-case","            default:","                break;","            }","            if (document.querySelector('#inputTextareaEval1') && (!event || (event &&","                    event.currentTarget &&","                    event.currentTarget.className &&","                    event.currentTarget.className.includes &&","                    event.currentTarget.className.includes('oneval')))) {","                // try to eval input-code","                try {","                    /*jslint evil: true*/","                    eval(document.querySelector('#inputTextareaEval1').value);","                } catch (errorCaught) {","                    console.error(errorCaught);","                }","            }","        };","        // log stderr and stdout to #outputTextareaStdout1","        ['error', 'log'].forEach(function (key) {","            console[key + '_original'] = console[key];","            console[key] = function () {","                var element;","                console[key + '_original'].apply(console, arguments);","                element = document.querySelector('#outputTextareaStdout1');","                if (!element) {","                    return;","                }","                // append text to #outputTextareaStdout1","                element.value += Array.from(arguments).map(function (arg) {","                    return typeof arg === 'string'","                        ? arg","                        : JSON.stringify(arg, null, 4);","                }).join(' ') + '\\n';","                // scroll textarea to bottom","                element.scrollTop = element.scrollHeight;","            };","        });","        // init event-handling","        ['change', 'click', 'keyup'].forEach(function (event) {","            Array.from(document.querySelectorAll('.on' + event)).forEach(function (element) {","                element.addEventListener(event, local.testRunBrowser);","            });","        });","        // run tests","        local.testRunBrowser();","        break;","","","","    // run node js-env code - post-init","    /* istanbul ignore next */","    case 'node':","        // export local","        module.exports = local;","        // require modules","        local.fs = require('fs');","        local.http = require('http');","        local.url = require('url');","        // init assets","        local.assetsDict = local.assetsDict || {};","        /* jslint-ignore-begin */","        local.assetsDict['/assets.index.template.html'] = '\\","<!doctype html>\\n\\","<html lang=\"en\">\\n\\","<head>\\n\\","<meta charset=\"UTF-8\">\\n\\","<meta name=\"viewport\" content=\"width=device-width, initial-scale=1\">\\n\\","<title>{{env.npm_package_name}} (v{{env.npm_package_version}})</title>\\n\\","<style>\\n\\","/*csslint\\n\\","    box-sizing: false,\\n\\","    universal-selector: false\\n\\","*/\\n\\","* {\\n\\","    box-sizing: border-box;\\n\\","}\\n\\","body {\\n\\","    background: #dde;\\n\\","    font-family: Arial, Helvetica, sans-serif;\\n\\","    margin: 2rem;\\n\\","}\\n\\","body > * {\\n\\","    margin-bottom: 1rem;\\n\\","}\\n\\",".utility2FooterDiv {\\n\\","    margin-top: 20px;\\n\\","    text-align: center;\\n\\","}\\n\\","</style>\\n\\","<style>\\n\\","/*csslint\\n\\","*/\\n\\","textarea {\\n\\","    font-family: monospace;\\n\\","    height: 10rem;\\n\\","    width: 100%;\\n\\","}\\n\\","textarea[readonly] {\\n\\","    background: #ddd;\\n\\","}\\n\\","</style>\\n\\","</head>\\n\\","<body>\\n\\","<!-- utility2-comment\\n\\","<div id=\"ajaxProgressDiv1\" style=\"background: #d00; height: 2px; left: 0; margin: 0; padding: 0; position: fixed; top: 0; transition: background 0.5s, width 1.5s; width: 25%;\"></div>\\n\\","utility2-comment -->\\n\\","<h1>\\n\\","<!-- utility2-comment\\n\\","    <a\\n\\","        {{#if env.npm_package_homepage}}\\n\\","        href=\"{{env.npm_package_homepage}}\"\\n\\","        {{/if env.npm_package_homepage}}\\n\\","        target=\"_blank\"\\n\\","    >\\n\\","utility2-comment -->\\n\\","        {{env.npm_package_name}} (v{{env.npm_package_version}})\\n\\","<!-- utility2-comment\\n\\","    </a>\\n\\","utility2-comment -->\\n\\","</h1>\\n\\","<h3>{{env.npm_package_description}}</h3>\\n\\","<!-- utility2-comment\\n\\","<h4><a download href=\"assets.app.js\">download standalone app</a></h4>\\n\\","<button class=\"onclick onreset\" id=\"testRunButton1\">run internal test</button><br>\\n\\","<div id=\"testReportDiv1\" style=\"display: none;\"></div>\\n\\","utility2-comment -->\\n\\","\\n\\","\\n\\","\\n\\","<label>stderr and stdout</label>\\n\\","<textarea class=\"resettable\" id=\"outputTextareaStdout1\" readonly></textarea>\\n\\","<!-- utility2-comment\\n\\","{{#if isRollup}}\\n\\","<script src=\"assets.app.js\"></script>\\n\\","{{#unless isRollup}}\\n\\","utility2-comment -->\\n\\","<script src=\"assets.utility2.rollup.js\"></script>\\n\\","<script src=\"jsonp.utility2._stateInit?callback=window.utility2._stateInit\"></script>\\n\\","<script src=\"assets.npmtest_iodocs.rollup.js\"></script>\\n\\","<script src=\"assets.example.js\"></script>\\n\\","<script src=\"assets.test.js\"></script>\\n\\","<!-- utility2-comment\\n\\","{{/if isRollup}}\\n\\","utility2-comment -->\\n\\","<div class=\"utility2FooterDiv\">\\n\\","    [ this app was created with\\n\\","    <a href=\"https://github.com/kaizhu256/node-utility2\" target=\"_blank\">utility2</a>\\n\\","    ]\\n\\","</div>\\n\\","</body>\\n\\","</html>\\n\\","';","        /* jslint-ignore-end */","        if (local.templateRender) {","            local.assetsDict['/'] = local.templateRender(","                local.assetsDict['/assets.index.template.html'],","                {","                    env: local.objectSetDefault(local.env, {","                        npm_package_description: 'the greatest app in the world!',","                        npm_package_name: 'my-app',","                        npm_package_nameAlias: 'my_app',","                        npm_package_version: '0.0.1'","                    })","                }","            );","        } else {","            local.assetsDict['/'] = local.assetsDict['/assets.index.template.html']","                .replace((/\\{\\{env\\.(\\w+?)\\}\\}/g), function (match0, match1) {","                    // jslint-hack","                    String(match0);","                    switch (match1) {","                    case 'npm_package_description':","                        return 'the greatest app in the world!';","                    case 'npm_package_name':","                        return 'my-app';","                    case 'npm_package_nameAlias':","                        return 'my_app';","                    case 'npm_package_version':","                        return '0.0.1';","                    }","                });","        }","        // run the cli","        if (local.global.utility2_rollup || module !== require.main) {","            break;","        }","        local.assetsDict['/assets.example.js'] =","            local.assetsDict['/assets.example.js'] ||","            local.fs.readFileSync(__filename, 'utf8');","        // bug-workaround - long $npm_package_buildCustomOrg","        /* jslint-ignore-begin */","        local.assetsDict['/assets.npmtest_iodocs.rollup.js'] =","            local.assetsDict['/assets.npmtest_iodocs.rollup.js'] ||","            local.fs.readFileSync(","                local.npmtest_iodocs.__dirname + '/lib.npmtest_iodocs.js',","                'utf8'","            ).replace((/^#!/), '//');","        /* jslint-ignore-end */","        local.assetsDict['/favicon.ico'] = local.assetsDict['/favicon.ico'] || '';","        // if $npm_config_timeout_exit exists,","        // then exit this process after $npm_config_timeout_exit ms","        if (Number(process.env.npm_config_timeout_exit)) {","            setTimeout(process.exit, Number(process.env.npm_config_timeout_exit));","        }","        // start server","        if (local.global.utility2_serverHttp1) {","            break;","        }","        process.env.PORT = process.env.PORT || '8081';","        console.error('server starting on port ' + process.env.PORT);","        local.http.createServer(function (request, response) {","            request.urlParsed = local.url.parse(request.url);","            if (local.assetsDict[request.urlParsed.pathname] !== undefined) {","                response.end(local.assetsDict[request.urlParsed.pathname]);","                return;","            }","            response.statusCode = 404;","            response.end();","        }).listen(process.env.PORT);","        break;","    }","}());",""],"l":{"26":2,"28":2,"33":2,"35":2,"37":2,"38":2,"39":2,"44":1,"51":2,"55":2,"59":2,"61":2,"69":1,"70":2,"76":2,"79":2,"82":2,"83":2,"85":1,"89":2,"92":1,"93":1,"94":1,"96":1,"97":1,"100":1,"101":1,"103":1,"106":1,"108":2,"114":1,"116":1,"118":1,"123":1,"124":2,"125":2,"126":3,"127":3,"128":3,"129":3,"130":1,"133":3,"134":3,"139":3,"143":1,"144":3,"145":1,"149":1,"150":1,"158":1,"160":1,"161":1,"162":1,"164":1,"166":1,"258":1,"259":1,"271":1,"274":6,"275":6,"277":1,"279":2,"281":1,"283":2,"288":1,"289":1,"291":1,"296":1,"303":1,"306":1,"307":1,"310":1,"311":1,"313":1,"314":1,"315":1,"316":1,"317":1,"318":1,"319":1,"321":1,"322":1,"324":1}},"/home/travis/build/npmtest/node-npmtest-iodocs/node_modules/iodocs/app.js":{"path":"/home/travis/build/npmtest/node-npmtest-iodocs/node_modules/iodocs/app.js","s":{"1":2,"2":2,"3":2,"4":0,"5":2,"6":2,"7":2,"8":2,"9":2,"10":0,"11":0,"12":0,"13":2,"14":0,"15":0,"16":0,"17":0,"18":0,"19":0,"20":0,"21":0,"22":0,"23":0,"24":0,"25":0,"26":0,"27":0,"28":0,"29":0,"30":0,"31":0,"32":0,"33":0,"34":0,"35":0,"36":0,"37":0,"38":0,"39":0,"40":0,"41":0,"42":0,"43":0,"44":0,"45":1,"46":0,"47":0,"48":0,"49":0,"50":0,"51":0,"52":0,"53":0,"54":0,"55":0,"56":0,"57":0,"58":0,"59":0,"60":0,"61":0,"62":0,"63":0,"64":0,"65":0,"66":0,"67":0,"68":0,"69":0,"70":0,"71":0,"72":0,"73":0,"74":0,"75":0,"76":0,"77":0,"78":0,"79":1,"80":0,"81":0,"82":0,"83":0,"84":0,"85":0,"86":0,"87":0,"88":0,"89":0,"90":0,"91":0,"92":0,"93":0,"94":0,"95":0,"96":0,"97":0,"98":0,"99":0,"100":0,"101":0,"102":0,"103":0,"104":0,"105":0,"106":0,"107":1,"108":0,"109":0,"110":0,"111":0,"112":0,"113":0,"114":0,"115":0,"116":0,"117":0,"118":0,"119":0,"120":0,"121":0,"122":0,"123":0,"124":0,"125":0,"126":0,"127":0,"128":0,"129":0,"130":0,"131":0,"132":0,"133":0,"134":0,"135":0,"136":0,"137":0,"138":0,"139":0,"140":0,"141":0,"142":0,"143":0,"144":0,"145":0,"146":0,"147":0,"148":0,"149":0,"150":0,"151":0,"152":0,"153":0,"154":0,"155":0,"156":0,"157":0,"158":0,"159":0,"160":0,"161":0,"162":0,"163":0,"164":0,"165":0,"166":0,"167":0,"168":0,"169":0,"170":0,"171":0,"172":0,"173":0,"174":0,"175":0,"176":0,"177":0,"178":0,"179":0,"180":0,"181":0,"182":0,"183":0,"184":0,"185":0,"186":1,"187":0,"188":0,"189":0,"190":0,"191":0,"192":0,"193":0,"194":0,"195":0,"196":0,"197":0,"198":0,"199":0,"200":0,"201":0,"202":0,"203":0,"204":0,"205":0,"206":0,"207":0,"208":0,"209":0,"210":0,"211":0,"212":0,"213":0,"214":0,"215":0,"216":0,"217":0,"218":0,"219":0,"220":0,"221":0,"222":0,"223":0,"224":0,"225":0,"226":0,"227":0,"228":0,"229":0,"230":0,"231":0,"232":0,"233":0,"234":0,"235":0,"236":0,"237":0,"238":0,"239":0,"240":0,"241":0,"242":0,"243":0,"244":0,"245":0,"246":0,"247":0,"248":0,"249":0,"250":0,"251":0,"252":0,"253":0,"254":0,"255":0,"256":0,"257":0,"258":0,"259":0,"260":0,"261":0,"262":0,"263":0,"264":0,"265":0,"266":0,"267":0,"268":0,"269":0,"270":0,"271":0,"272":0,"273":0,"274":0,"275":0,"276":0,"277":0,"278":0,"279":0,"280":0,"281":0,"282":0,"283":0,"284":0,"285":0,"286":0,"287":0,"288":0,"289":0,"290":0,"291":0,"292":0,"293":0},"b":{"1":[0,2],"2":[0,0],"3":[0,0],"4":[0,0],"5":[0,0],"6":[0,0],"7":[0,0],"8":[0,0],"9":[0,0],"10":[0,0],"11":[0,0,0,0],"12":[0,0],"13":[0,0],"14":[0,0],"15":[0,0],"16":[0,0],"17":[0,0],"18":[0,0],"19":[0,0],"20":[0,0],"21":[0,0],"22":[0,0],"23":[0,0],"24":[0,0],"25":[0,0],"26":[0,0],"27":[0,0],"28":[0,0],"29":[0,0],"30":[0,0],"31":[0,0],"32":[0,0],"33":[0,0,0,0],"34":[0,0],"35":[0,0],"36":[0,0],"37":[0,0],"38":[0,0],"39":[0,0],"40":[0,0],"41":[0,0],"42":[0,0],"43":[0,0],"44":[0,0],"45":[0,0],"46":[0,0],"47":[0,0],"48":[0,0],"49":[0,0],"50":[0,0],"51":[0,0],"52":[0,0],"53":[0,0],"54":[0,0],"55":[0,0],"56":[0,0],"57":[0,0,0,0,0,0],"58":[0,0],"59":[0,0],"60":[0,0],"61":[0,0,0,0],"62":[0,0],"63":[0,0],"64":[0,0],"65":[0,0,0],"66":[0,0],"67":[0,0],"68":[0,0],"69":[0,0],"70":[0,0],"71":[0,0],"72":[0,0],"73":[0,0],"74":[0,0],"75":[0,0],"76":[0,0],"77":[0,0],"78":[0,0],"79":[0,0],"80":[0,0],"81":[0,0],"82":[0,0],"83":[0,0],"84":[0,0,0,0,0],"85":[0,0],"86":[0,0],"87":[0,0],"88":[0,0],"89":[0,0],"90":[0,0,0],"91":[0,0],"92":[0,0],"93":[0,0],"94":[0,0],"95":[0,0]},"f":{"1":0,"2":0,"3":0,"4":0,"5":0,"6":0,"7":0,"8":0,"9":0,"10":0,"11":0,"12":0,"13":0,"14":0,"15":0,"16":0,"17":0,"18":0,"19":0,"20":0,"21":0,"22":0,"23":0,"24":0,"25":0,"26":0,"27":0,"28":0,"29":0,"30":0},"fnMap":{"1":{"name":"(anonymous_1)","line":63,"loc":{"start":{"line":63,"column":15},"end":{"line":63,"column":29}}},"2":{"name":"(anonymous_2)","line":73,"loc":{"start":{"line":73,"column":63},"end":{"line":73,"column":83}}},"3":{"name":"(anonymous_3)","line":90,"loc":{"start":{"line":90,"column":14},"end":{"line":90,"column":25}}},"4":{"name":"(anonymous_4)","line":112,"loc":{"start":{"line":112,"column":29},"end":{"line":112,"column":40}}},"5":{"name":"(anonymous_5)","line":116,"loc":{"start":{"line":116,"column":28},"end":{"line":116,"column":39}}},"6":{"name":"oauth","line":123,"loc":{"start":{"line":123,"column":0},"end":{"line":123,"column":31}}},"7":{"name":"(anonymous_7)","line":161,"loc":{"start":{"line":161,"column":36},"end":{"line":161,"column":89}}},"8":{"name":"oauthSuccess","line":199,"loc":{"start":{"line":199,"column":0},"end":{"line":199,"column":38}}},"9":{"name":"(anonymous_9)","line":219,"loc":{"start":{"line":219,"column":7},"end":{"line":219,"column":29}}},"10":{"name":"(anonymous_10)","line":246,"loc":{"start":{"line":246,"column":101},"end":{"line":246,"column":168}}},"11":{"name":"(anonymous_11)","line":255,"loc":{"start":{"line":255,"column":19},"end":{"line":255,"column":43}}},"12":{"name":"processRequest","line":273,"loc":{"start":{"line":273,"column":0},"end":{"line":273,"column":40}}},"13":{"name":"(anonymous_13)","line":339,"loc":{"start":{"line":339,"column":16},"end":{"line":339,"column":39}}},"14":{"name":"(anonymous_14)","line":364,"loc":{"start":{"line":364,"column":104},"end":{"line":364,"column":137}}},"15":{"name":"(anonymous_15)","line":404,"loc":{"start":{"line":404,"column":21},"end":{"line":404,"column":53}}},"16":{"name":"unsecuredCall","line":472,"loc":{"start":{"line":472,"column":4},"end":{"line":472,"column":29}}},"17":{"name":"(anonymous_17)","line":555,"loc":{"start":{"line":555,"column":41},"end":{"line":555,"column":60}}},"18":{"name":"(anonymous_18)","line":567,"loc":{"start":{"line":567,"column":32},"end":{"line":567,"column":47}}},"19":{"name":"(anonymous_19)","line":571,"loc":{"start":{"line":571,"column":31},"end":{"line":571,"column":42}}},"20":{"name":"(anonymous_20)","line":599,"loc":{"start":{"line":599,"column":23},"end":{"line":599,"column":35}}},"21":{"name":"(anonymous_21)","line":620,"loc":{"start":{"line":620,"column":13},"end":{"line":620,"column":32}}},"22":{"name":"(anonymous_22)","line":625,"loc":{"start":{"line":625,"column":70},"end":{"line":625,"column":94}}},"23":{"name":"(anonymous_23)","line":638,"loc":{"start":{"line":638,"column":13},"end":{"line":638,"column":32}}},"24":{"name":"(anonymous_24)","line":645,"loc":{"start":{"line":645,"column":13},"end":{"line":645,"column":32}}},"25":{"name":"(anonymous_25)","line":650,"loc":{"start":{"line":650,"column":19},"end":{"line":650,"column":38}}},"26":{"name":"(anonymous_26)","line":662,"loc":{"start":{"line":662,"column":13},"end":{"line":662,"column":32}}},"27":{"name":"(anonymous_27)","line":669,"loc":{"start":{"line":669,"column":47},"end":{"line":669,"column":66}}},"28":{"name":"(anonymous_28)","line":684,"loc":{"start":{"line":684,"column":43},"end":{"line":684,"column":62}}},"29":{"name":"(anonymous_29)","line":690,"loc":{"start":{"line":690,"column":20},"end":{"line":690,"column":39}}},"30":{"name":"(anonymous_30)","line":696,"loc":{"start":{"line":696,"column":25},"end":{"line":696,"column":44}}}},"statementMap":{"1":{"start":{"line":27,"column":0},"end":{"line":37,"column":52}},"2":{"start":{"line":40,"column":0},"end":{"line":46,"column":1}},"3":{"start":{"line":41,"column":4},"end":{"line":41,"column":65}},"4":{"start":{"line":42,"column":4},"end":{"line":42,"column":51}},"5":{"start":{"line":44,"column":4},"end":{"line":44,"column":105}},"6":{"start":{"line":45,"column":4},"end":{"line":45,"column":20}},"7":{"start":{"line":51,"column":0},"end":{"line":51,"column":20}},"8":{"start":{"line":52,"column":0},"end":{"line":52,"column":7}},"9":{"start":{"line":54,"column":0},"end":{"line":61,"column":1}},"10":{"start":{"line":55,"column":4},"end":{"line":55,"column":64}},"11":{"start":{"line":56,"column":4},"end":{"line":56,"column":63}},"12":{"start":{"line":57,"column":4},"end":{"line":57,"column":36}},"13":{"start":{"line":59,"column":4},"end":{"line":59,"column":66}},"14":{"start":{"line":60,"column":4},"end":{"line":60,"column":35}},"15":{"start":{"line":63,"column":0},"end":{"line":67,"column":3}},"16":{"start":{"line":64,"column":4},"end":{"line":66,"column":5}},"17":{"start":{"line":65,"column":9},"end":{"line":65,"column":37}},"18":{"start":{"line":72,"column":0},"end":{"line":72,"column":15}},"19":{"start":{"line":73,"column":0},"end":{"line":79,"column":3}},"20":{"start":{"line":74,"column":4},"end":{"line":74,"column":23}},"21":{"start":{"line":74,"column":13},"end":{"line":74,"column":23}},"22":{"start":{"line":75,"column":4},"end":{"line":75,"column":34}},"23":{"start":{"line":76,"column":4},"end":{"line":78,"column":5}},"24":{"start":{"line":77,"column":9},"end":{"line":77,"column":47}},"25":{"start":{"line":81,"column":0},"end":{"line":81,"column":50}},"26":{"start":{"line":83,"column":0},"end":{"line":88,"column":1}},"27":{"start":{"line":84,"column":4},"end":{"line":84,"column":64}},"28":{"start":{"line":85,"column":4},"end":{"line":85,"column":37}},"29":{"start":{"line":86,"column":4},"end":{"line":86,"column":33}},"30":{"start":{"line":87,"column":4},"end":{"line":87,"column":51}},"31":{"start":{"line":90,"column":0},"end":{"line":110,"column":3}},"32":{"start":{"line":91,"column":4},"end":{"line":91,"column":43}},"33":{"start":{"line":92,"column":4},"end":{"line":92,"column":35}},"34":{"start":{"line":93,"column":4},"end":{"line":93,"column":30}},"35":{"start":{"line":94,"column":4},"end":{"line":94,"column":34}},"36":{"start":{"line":95,"column":4},"end":{"line":95,"column":38}},"37":{"start":{"line":96,"column":4},"end":{"line":96,"column":36}},"38":{"start":{"line":97,"column":4},"end":{"line":105,"column":8}},"39":{"start":{"line":107,"column":4},"end":{"line":107,"column":24}},"40":{"start":{"line":109,"column":4},"end":{"line":109,"column":51}},"41":{"start":{"line":112,"column":0},"end":{"line":114,"column":3}},"42":{"start":{"line":113,"column":4},"end":{"line":113,"column":77}},"43":{"start":{"line":116,"column":0},"end":{"line":118,"column":3}},"44":{"start":{"line":117,"column":4},"end":{"line":117,"column":36}},"45":{"start":{"line":123,"column":0},"end":{"line":194,"column":1}},"46":{"start":{"line":124,"column":4},"end":{"line":124,"column":41}},"47":{"start":{"line":125,"column":4},"end":{"line":126,"column":40}},"48":{"start":{"line":128,"column":4},"end":{"line":192,"column":5}},"49":{"start":{"line":129,"column":8},"end":{"line":139,"column":50}},"50":{"start":{"line":141,"column":8},"end":{"line":147,"column":9}},"51":{"start":{"line":142,"column":12},"end":{"line":142,"column":63}},"52":{"start":{"line":143,"column":12},"end":{"line":143,"column":62}},"53":{"start":{"line":144,"column":12},"end":{"line":144,"column":67}},"54":{"start":{"line":145,"column":12},"end":{"line":145,"column":45}},"55":{"start":{"line":146,"column":12},"end":{"line":146,"column":51}},"56":{"start":{"line":150,"column":8},"end":{"line":189,"column":9}},"57":{"start":{"line":151,"column":12},"end":{"line":159,"column":13}},"58":{"start":{"line":152,"column":16},"end":{"line":152,"column":73}},"59":{"start":{"line":153,"column":16},"end":{"line":153,"column":69}},"60":{"start":{"line":155,"column":16},"end":{"line":155,"column":46}},"61":{"start":{"line":157,"column":16},"end":{"line":157,"column":73}},"62":{"start":{"line":161,"column":12},"end":{"line":183,"column":15}},"63":{"start":{"line":162,"column":16},"end":{"line":182,"column":17}},"64":{"start":{"line":163,"column":20},"end":{"line":163,"column":94}},"65":{"start":{"line":166,"column":20},"end":{"line":166,"column":60}},"66":{"start":{"line":168,"column":20},"end":{"line":168,"column":65}},"67":{"start":{"line":169,"column":20},"end":{"line":169,"column":71}},"68":{"start":{"line":171,"column":20},"end":{"line":171,"column":75}},"69":{"start":{"line":172,"column":20},"end":{"line":172,"column":87}},"70":{"start":{"line":175,"column":20},"end":{"line":175,"column":59}},"71":{"start":{"line":176,"column":20},"end":{"line":176,"column":62}},"72":{"start":{"line":177,"column":20},"end":{"line":177,"column":65}},"73":{"start":{"line":178,"column":20},"end":{"line":178,"column":71}},"74":{"start":{"line":181,"column":20},"end":{"line":181,"column":83}},"75":{"start":{"line":184,"column":15},"end":{"line":189,"column":9}},"76":{"start":{"line":186,"column":12},"end":{"line":186,"column":19}},"77":{"start":{"line":188,"column":12},"end":{"line":188,"column":19}},"78":{"start":{"line":191,"column":8},"end":{"line":191,"column":15}},"79":{"start":{"line":199,"column":0},"end":{"line":268,"column":1}},"80":{"start":{"line":200,"column":4},"end":{"line":206,"column":44}},"81":{"start":{"line":208,"column":4},"end":{"line":212,"column":5}},"82":{"start":{"line":209,"column":8},"end":{"line":209,"column":43}},"83":{"start":{"line":210,"column":8},"end":{"line":210,"column":35}},"84":{"start":{"line":211,"column":8},"end":{"line":211,"column":46}},"85":{"start":{"line":214,"column":4},"end":{"line":267,"column":7}},"86":{"start":{"line":220,"column":8},"end":{"line":222,"column":9}},"87":{"start":{"line":221,"column":12},"end":{"line":221,"column":43}},"88":{"start":{"line":223,"column":8},"end":{"line":226,"column":30}},"89":{"start":{"line":228,"column":8},"end":{"line":232,"column":9}},"90":{"start":{"line":229,"column":12},"end":{"line":229,"column":62}},"91":{"start":{"line":230,"column":12},"end":{"line":230,"column":68}},"92":{"start":{"line":231,"column":12},"end":{"line":231,"column":69}},"93":{"start":{"line":234,"column":8},"end":{"line":240,"column":50}},"94":{"start":{"line":242,"column":8},"end":{"line":244,"column":9}},"95":{"start":{"line":243,"column":12},"end":{"line":243,"column":42}},"96":{"start":{"line":246,"column":8},"end":{"line":265,"column":11}},"97":{"start":{"line":247,"column":12},"end":{"line":264,"column":13}},"98":{"start":{"line":248,"column":16},"end":{"line":248,"column":181}},"99":{"start":{"line":250,"column":16},"end":{"line":252,"column":17}},"100":{"start":{"line":251,"column":20},"end":{"line":251,"column":69}},"101":{"start":{"line":253,"column":16},"end":{"line":263,"column":19}},"102":{"start":{"line":256,"column":20},"end":{"line":256,"column":46}},"103":{"start":{"line":257,"column":20},"end":{"line":257,"column":55}},"104":{"start":{"line":258,"column":20},"end":{"line":260,"column":21}},"105":{"start":{"line":259,"column":24},"end":{"line":259,"column":93}},"106":{"start":{"line":262,"column":20},"end":{"line":262,"column":27}},"107":{"start":{"line":273,"column":0},"end":{"line":614,"column":1}},"108":{"start":{"line":274,"column":4},"end":{"line":276,"column":5}},"109":{"start":{"line":275,"column":8},"end":{"line":275,"column":53}},"110":{"start":{"line":278,"column":4},"end":{"line":284,"column":34}},"111":{"start":{"line":285,"column":8},"end":{"line":286,"column":44}},"112":{"start":{"line":289,"column":4},"end":{"line":304,"column":5}},"113":{"start":{"line":290,"column":8},"end":{"line":303,"column":9}},"114":{"start":{"line":291,"column":12},"end":{"line":302,"column":13}},"115":{"start":{"line":293,"column":16},"end":{"line":293,"column":51}},"116":{"start":{"line":296,"column":16},"end":{"line":299,"column":17}},"117":{"start":{"line":297,"column":20},"end":{"line":297,"column":71}},"118":{"start":{"line":298,"column":20},"end":{"line":298,"column":40}},"119":{"start":{"line":301,"column":16},"end":{"line":301,"column":37}},"120":{"start":{"line":306,"column":4},"end":{"line":306,"column":52}},"121":{"start":{"line":307,"column":4},"end":{"line":308,"column":72}},"122":{"start":{"line":310,"column":4},"end":{"line":319,"column":10}},"123":{"start":{"line":321,"column":4},"end":{"line":323,"column":5}},"124":{"start":{"line":322,"column":8},"end":{"line":322,"column":50}},"125":{"start":{"line":325,"column":4},"end":{"line":469,"column":5}},"126":{"start":{"line":326,"column":8},"end":{"line":326,"column":35}},"127":{"start":{"line":329,"column":8},"end":{"line":465,"column":9}},"128":{"start":{"line":330,"column":12},"end":{"line":332,"column":13}},"129":{"start":{"line":331,"column":16},"end":{"line":331,"column":50}},"130":{"start":{"line":334,"column":12},"end":{"line":388,"column":14}},"131":{"start":{"line":341,"column":20},"end":{"line":344,"column":55}},"132":{"start":{"line":345,"column":20},"end":{"line":345,"column":40}},"133":{"start":{"line":346,"column":20},"end":{"line":346,"column":43}},"134":{"start":{"line":347,"column":20},"end":{"line":347,"column":45}},"135":{"start":{"line":348,"column":20},"end":{"line":348,"column":51}},"136":{"start":{"line":350,"column":20},"end":{"line":356,"column":62}},"137":{"start":{"line":358,"column":20},"end":{"line":362,"column":21}},"138":{"start":{"line":359,"column":24},"end":{"line":359,"column":68}},"139":{"start":{"line":360,"column":24},"end":{"line":360,"column":81}},"140":{"start":{"line":361,"column":24},"end":{"line":361,"column":51}},"141":{"start":{"line":364,"column":20},"end":{"line":386,"column":23}},"142":{"start":{"line":365,"column":24},"end":{"line":365,"column":49}},"143":{"start":{"line":368,"column":24},"end":{"line":385,"column":25}},"144":{"start":{"line":369,"column":28},"end":{"line":369,"column":77}},"145":{"start":{"line":371,"column":28},"end":{"line":375,"column":29}},"146":{"start":{"line":372,"column":32},"end":{"line":372,"column":60}},"147":{"start":{"line":374,"column":32},"end":{"line":374,"column":56}},"148":{"start":{"line":377,"column":28},"end":{"line":377,"column":61}},"149":{"start":{"line":379,"column":28},"end":{"line":379,"column":35}},"150":{"start":{"line":381,"column":28},"end":{"line":381,"column":65}},"151":{"start":{"line":382,"column":28},"end":{"line":382,"column":58}},"152":{"start":{"line":384,"column":28},"end":{"line":384,"column":35}},"153":{"start":{"line":389,"column":15},"end":{"line":465,"column":9}},"154":{"start":{"line":390,"column":12},"end":{"line":392,"column":13}},"155":{"start":{"line":391,"column":16},"end":{"line":391,"column":48}},"156":{"start":{"line":394,"column":12},"end":{"line":401,"column":54}},"157":{"start":{"line":403,"column":12},"end":{"line":446,"column":18}},"158":{"start":{"line":405,"column":20},"end":{"line":430,"column":21}},"159":{"start":{"line":406,"column":24},"end":{"line":411,"column":25}},"160":{"start":{"line":407,"column":28},"end":{"line":407,"column":56}},"161":{"start":{"line":409,"column":28},"end":{"line":409,"column":61}},"162":{"start":{"line":410,"column":28},"end":{"line":410,"column":46}},"163":{"start":{"line":413,"column":24},"end":{"line":413,"column":58}},"164":{"start":{"line":416,"column":24},"end":{"line":416,"column":56}},"165":{"start":{"line":418,"column":24},"end":{"line":418,"column":83}},"166":{"start":{"line":420,"column":24},"end":{"line":429,"column":25}},"167":{"start":{"line":424,"column":32},"end":{"line":424,"column":56}},"168":{"start":{"line":425,"column":32},"end":{"line":425,"column":38}},"169":{"start":{"line":433,"column":20},"end":{"line":437,"column":21}},"170":{"start":{"line":434,"column":24},"end":{"line":434,"column":71}},"171":{"start":{"line":436,"column":24},"end":{"line":436,"column":72}},"172":{"start":{"line":439,"column":20},"end":{"line":439,"column":70}},"173":{"start":{"line":440,"column":20},"end":{"line":440,"column":52}},"174":{"start":{"line":443,"column":20},"end":{"line":443,"column":38}},"175":{"start":{"line":445,"column":20},"end":{"line":445,"column":27}},"176":{"start":{"line":448,"column":12},"end":{"line":460,"column":13}},"177":{"start":{"line":450,"column":20},"end":{"line":450,"column":42}},"178":{"start":{"line":451,"column":20},"end":{"line":451,"column":48}},"179":{"start":{"line":452,"column":20},"end":{"line":452,"column":26}},"180":{"start":{"line":455,"column":20},"end":{"line":455,"column":77}},"181":{"start":{"line":456,"column":20},"end":{"line":456,"column":26}},"182":{"start":{"line":458,"column":20},"end":{"line":458,"column":49}},"183":{"start":{"line":459,"column":20},"end":{"line":459,"column":26}},"184":{"start":{"line":464,"column":12},"end":{"line":464,"column":28}},"185":{"start":{"line":468,"column":8},"end":{"line":468,"column":24}},"186":{"start":{"line":472,"column":4},"end":{"line":613,"column":5}},"187":{"start":{"line":473,"column":8},"end":{"line":473,"column":38}},"188":{"start":{"line":475,"column":8},"end":{"line":477,"column":9}},"189":{"start":{"line":476,"column":12},"end":{"line":476,"column":80}},"190":{"start":{"line":480,"column":8},"end":{"line":488,"column":9}},"191":{"start":{"line":481,"column":12},"end":{"line":486,"column":13}},"192":{"start":{"line":482,"column":16},"end":{"line":482,"column":36}},"193":{"start":{"line":485,"column":16},"end":{"line":485,"column":36}},"194":{"start":{"line":487,"column":12},"end":{"line":487,"column":62}},"195":{"start":{"line":491,"column":8},"end":{"line":504,"column":9}},"196":{"start":{"line":492,"column":12},"end":{"line":503,"column":13}},"197":{"start":{"line":494,"column":16},"end":{"line":494,"column":70}},"198":{"start":{"line":495,"column":16},"end":{"line":495,"column":135}},"199":{"start":{"line":496,"column":16},"end":{"line":496,"column":79}},"200":{"start":{"line":498,"column":17},"end":{"line":503,"column":13}},"201":{"start":{"line":500,"column":16},"end":{"line":500,"column":70}},"202":{"start":{"line":501,"column":16},"end":{"line":501,"column":138}},"203":{"start":{"line":502,"column":16},"end":{"line":502,"column":79}},"204":{"start":{"line":507,"column":8},"end":{"line":523,"column":9}},"205":{"start":{"line":508,"column":12},"end":{"line":510,"column":13}},"206":{"start":{"line":509,"column":16},"end":{"line":509,"column":47}},"207":{"start":{"line":511,"column":12},"end":{"line":511,"column":29}},"208":{"start":{"line":513,"column":12},"end":{"line":520,"column":13}},"209":{"start":{"line":514,"column":16},"end":{"line":516,"column":17}},"210":{"start":{"line":515,"column":18},"end":{"line":515,"column":109}},"211":{"start":{"line":517,"column":16},"end":{"line":519,"column":17}},"212":{"start":{"line":518,"column":20},"end":{"line":518,"column":80}},"213":{"start":{"line":522,"column":12},"end":{"line":522,"column":38}},"214":{"start":{"line":524,"column":8},"end":{"line":526,"column":9}},"215":{"start":{"line":525,"column":12},"end":{"line":525,"column":32}},"216":{"start":{"line":527,"column":8},"end":{"line":534,"column":9}},"217":{"start":{"line":528,"column":12},"end":{"line":533,"column":13}},"218":{"start":{"line":529,"column":16},"end":{"line":529,"column":71}},"219":{"start":{"line":532,"column":16},"end":{"line":532,"column":54}},"220":{"start":{"line":536,"column":8},"end":{"line":538,"column":9}},"221":{"start":{"line":537,"column":12},"end":{"line":537,"column":82}},"222":{"start":{"line":540,"column":8},"end":{"line":542,"column":9}},"223":{"start":{"line":541,"column":12},"end":{"line":541,"column":47}},"224":{"start":{"line":544,"column":8},"end":{"line":544,"column":22}},"225":{"start":{"line":545,"column":8},"end":{"line":552,"column":9}},"226":{"start":{"line":546,"column":12},"end":{"line":546,"column":43}},"227":{"start":{"line":547,"column":12},"end":{"line":547,"column":39}},"228":{"start":{"line":548,"column":12},"end":{"line":548,"column":38}},"229":{"start":{"line":550,"column":12},"end":{"line":550,"column":42}},"230":{"start":{"line":551,"column":12},"end":{"line":551,"column":37}},"231":{"start":{"line":555,"column":8},"end":{"line":605,"column":11}},"232":{"start":{"line":556,"column":12},"end":{"line":556,"column":42}},"233":{"start":{"line":558,"column":12},"end":{"line":561,"column":13}},"234":{"start":{"line":559,"column":16},"end":{"line":559,"column":76}},"235":{"start":{"line":560,"column":16},"end":{"line":560,"column":67}},"236":{"start":{"line":563,"column":12},"end":{"line":563,"column":49}},"237":{"start":{"line":565,"column":12},"end":{"line":565,"column":26}},"238":{"start":{"line":567,"column":12},"end":{"line":569,"column":14}},"239":{"start":{"line":568,"column":16},"end":{"line":568,"column":29}},"240":{"start":{"line":571,"column":12},"end":{"line":598,"column":14}},"241":{"start":{"line":572,"column":16},"end":{"line":572,"column":37}},"242":{"start":{"line":574,"column":16},"end":{"line":574,"column":75}},"243":{"start":{"line":576,"column":16},"end":{"line":585,"column":17}},"244":{"start":{"line":579,"column":24},"end":{"line":579,"column":56}},"245":{"start":{"line":581,"column":24},"end":{"line":581,"column":30}},"246":{"start":{"line":588,"column":16},"end":{"line":588,"column":53}},"247":{"start":{"line":589,"column":16},"end":{"line":589,"column":66}},"248":{"start":{"line":590,"column":16},"end":{"line":590,"column":48}},"249":{"start":{"line":593,"column":16},"end":{"line":593,"column":34}},"250":{"start":{"line":595,"column":16},"end":{"line":595,"column":48}},"251":{"start":{"line":597,"column":16},"end":{"line":597,"column":23}},"252":{"start":{"line":600,"column":12},"end":{"line":604,"column":13}},"253":{"start":{"line":601,"column":16},"end":{"line":601,"column":71}},"254":{"start":{"line":602,"column":16},"end":{"line":602,"column":55}},"255":{"start":{"line":603,"column":16},"end":{"line":603,"column":57}},"256":{"start":{"line":607,"column":8},"end":{"line":612,"column":9}},"257":{"start":{"line":608,"column":12},"end":{"line":608,"column":46}},"258":{"start":{"line":611,"column":12},"end":{"line":611,"column":26}},"259":{"start":{"line":619,"column":0},"end":{"line":656,"column":2}},"260":{"start":{"line":622,"column":8},"end":{"line":630,"column":9}},"261":{"start":{"line":623,"column":12},"end":{"line":623,"column":47}},"262":{"start":{"line":625,"column":12},"end":{"line":629,"column":15}},"263":{"start":{"line":626,"column":16},"end":{"line":628,"column":17}},"264":{"start":{"line":627,"column":20},"end":{"line":627,"column":46}},"265":{"start":{"line":632,"column":8},"end":{"line":634,"column":9}},"266":{"start":{"line":633,"column":12},"end":{"line":633,"column":41}},"267":{"start":{"line":636,"column":8},"end":{"line":636,"column":27}},"268":{"start":{"line":639,"column":8},"end":{"line":643,"column":9}},"269":{"start":{"line":640,"column":12},"end":{"line":640,"column":46}},"270":{"start":{"line":642,"column":12},"end":{"line":642,"column":30}},"271":{"start":{"line":646,"column":8},"end":{"line":648,"column":9}},"272":{"start":{"line":647,"column":12},"end":{"line":647,"column":34}},"273":{"start":{"line":651,"column":8},"end":{"line":654,"column":9}},"274":{"start":{"line":652,"column":12},"end":{"line":652,"column":95}},"275":{"start":{"line":653,"column":12},"end":{"line":653,"column":36}},"276":{"start":{"line":662,"column":0},"end":{"line":666,"column":3}},"277":{"start":{"line":663,"column":4},"end":{"line":665,"column":7}},"278":{"start":{"line":669,"column":0},"end":{"line":678,"column":3}},"279":{"start":{"line":670,"column":4},"end":{"line":675,"column":6}},"280":{"start":{"line":677,"column":4},"end":{"line":677,"column":21}},"281":{"start":{"line":681,"column":0},"end":{"line":681,"column":24}},"282":{"start":{"line":684,"column":0},"end":{"line":688,"column":3}},"283":{"start":{"line":685,"column":4},"end":{"line":687,"column":7}},"284":{"start":{"line":690,"column":0},"end":{"line":693,"column":3}},"285":{"start":{"line":691,"column":2},"end":{"line":691,"column":29}},"286":{"start":{"line":692,"column":2},"end":{"line":692,"column":23}},"287":{"start":{"line":696,"column":0},"end":{"line":699,"column":3}},"288":{"start":{"line":697,"column":4},"end":{"line":697,"column":52}},"289":{"start":{"line":698,"column":4},"end":{"line":698,"column":22}},"290":{"start":{"line":703,"column":0},"end":{"line":707,"column":1}},"291":{"start":{"line":704,"column":4},"end":{"line":704,"column":47}},"292":{"start":{"line":705,"column":4},"end":{"line":705,"column":21}},"293":{"start":{"line":706,"column":4},"end":{"line":706,"column":75}}},"branchMap":{"1":{"line":54,"type":"if","locations":[{"start":{"line":54,"column":0},"end":{"line":54,"column":0}},{"start":{"line":54,"column":0},"end":{"line":54,"column":0}}]},"2":{"line":64,"type":"if","locations":[{"start":{"line":64,"column":4},"end":{"line":64,"column":4}},{"start":{"line":64,"column":4},"end":{"line":64,"column":4}}]},"3":{"line":74,"type":"if","locations":[{"start":{"line":74,"column":4},"end":{"line":74,"column":4}},{"start":{"line":74,"column":4},"end":{"line":74,"column":4}}]},"4":{"line":76,"type":"if","locations":[{"start":{"line":76,"column":4},"end":{"line":76,"column":4}},{"start":{"line":76,"column":4},"end":{"line":76,"column":4}}]},"5":{"line":83,"type":"if","locations":[{"start":{"line":83,"column":0},"end":{"line":83,"column":0}},{"start":{"line":83,"column":0},"end":{"line":83,"column":0}}]},"6":{"line":128,"type":"if","locations":[{"start":{"line":128,"column":4},"end":{"line":128,"column":4}},{"start":{"line":128,"column":4},"end":{"line":128,"column":4}}]},"7":{"line":129,"type":"binary-expr","locations":[{"start":{"line":129,"column":21},"end":{"line":129,"column":36}},{"start":{"line":129,"column":40},"end":{"line":129,"column":52}}]},"8":{"line":130,"type":"binary-expr","locations":[{"start":{"line":130,"column":24},"end":{"line":130,"column":42}},{"start":{"line":130,"column":46},"end":{"line":130,"column":61}}]},"9":{"line":141,"type":"if","locations":[{"start":{"line":141,"column":8},"end":{"line":141,"column":8}},{"start":{"line":141,"column":8},"end":{"line":141,"column":8}}]},"10":{"line":150,"type":"if","locations":[{"start":{"line":150,"column":8},"end":{"line":150,"column":8}},{"start":{"line":150,"column":8},"end":{"line":150,"column":8}}]},"11":{"line":150,"type":"binary-expr","locations":[{"start":{"line":150,"column":12},"end":{"line":150,"column":50}},{"start":{"line":150,"column":54},"end":{"line":150,"column":86}},{"start":{"line":150,"column":91},"end":{"line":150,"column":112}},{"start":{"line":150,"column":116},"end":{"line":150,"column":144}}]},"12":{"line":151,"type":"if","locations":[{"start":{"line":151,"column":12},"end":{"line":151,"column":12}},{"start":{"line":151,"column":12},"end":
[...]
];if(m.length>1&&m.charAt(0)===\"<\"){if(!ba.test(m))if(ca.test(m)){f.push(m.substring(9,m.length-3));n+=m.length-12}else if(da.test(m)){f.push(\"\\n\");++n}else if(m.indexOf(V)>=0&&m.replace(/\\s(\\w+)\\s*=\\s*(?:\\\"([^\\\"]*)\\\"|'([^\\']*)'|(\\S+))/g,' $1=\"$2$3$4\"').match(/[cC][lL][aA][sS][sS]=\\\"[^\\\"]*\\bnocode\\b/)){var t=m.match(W)[2],p=1,c;c=j+1;a:for(;c<q;++c){var d=l[c].match(W);if(d&&","d[2]===t)if(d[1]===\"/\"){if(--p===0)break a}else++p}if(c<q){r.push(n,l.slice(j,c+1).join(\"\"));j=c}else r.push(n,m)}else r.push(n,m)}else{var a;p=m;var k=p.indexOf(\"&\");if(k<0)a=p;else{for(--k;(k=p.indexOf(\"&#\",k+1))>=0;){var e=p.indexOf(\";\",k);if(e>=0){var h=p.substring(k+3,e),g=10;if(h&&h.charAt(0)===\"x\"){h=h.substring(1);g=16}var s=parseInt(h,g);isNaN(s)||(p=p.substring(0,k)+String.fromCharCode(s)+p.substring(e+1))}}a=p.replace(ea,\"<\").replace(fa,\">\").replace(ga,\"'\").replace(ha,'\"').replace(ia,\" \").replace(ja,","\"&\")}f.push(a);n+=a.length}}o={source:f.join(\"\"),h:r};var v=o.source;b.source=v;b.c=0;b.g=o.h;Q(i,v)(b);$(b)}catch(w){if(\"console\"in window)console.log(w&&w.stack?w.stack:w)}}var A=\"str\",R=\"kwd\",C=\"com\",S=\"typ\",J=\"lit\",E=\"pun\",z=\"pln\",P=\"src\",V=\"nocode\",Z=function(){for(var b=[\"!\",\"!=\",\"!==\",\"#\",\"%\",\"%=\",\"&\",\"&&\",\"&&=\",\"&=\",\"(\",\"*\",\"*=\",\"+=\",\",\",\"-=\",\"->\",\"/\",\"/=\",\":\",\"::\",\";\",\"<\",\"<<\",\"<<=\",\"<=\",\"=\",\"==\",\"===\",\">\",\">=\",\">>\",\">>=\",\">>>\",\">>>=\",\"?\",\"@\",\"[\",\"^\",\"^=\",\"^^\",\"^^=\",\"{\",\"|\",\"|=\",\"||\",\"||=\",","\"~\",\"break\",\"case\",\"continue\",\"delete\",\"do\",\"else\",\"finally\",\"instanceof\",\"return\",\"throw\",\"try\",\"typeof\"],f=\"(?:^^|[+-]\",i=0;i<b.length;++i)f+=\"|\"+b[i].replace(/([^=<>:&a-z])/g,\"\\\\$1\");f+=\")\\\\s*\";return f}(),L=/&/g,M=/</g,N=/>/g,X=/\\\"/g,ea=/&lt;/g,fa=/&gt;/g,ga=/&apos;/g,ha=/&quot;/g,ja=/&amp;/g,ia=/&nbsp;/g,ka=/[\\r\\n]/g,K=null,aa=RegExp(\"[^<]+|<!--[\\\\s\\\\S]*?--\\>|<!\\\\[CDATA\\\\[[\\\\s\\\\S]*?\\\\]\\\\]>|</?[a-zA-Z](?:[^>\\\"']|'[^']*'|\\\"[^\\\"]*\\\")*>|<\",\"g\"),ba=/^<\\!--/,ca=/^<!\\[CDATA\\[/,da=/^<br\\b/i,W=/^<(\\/?)([a-zA-Z][a-zA-Z0-9]*)/,","la=x({keywords:\"break continue do else for if return while auto case char const default double enum extern float goto int long register short signed sizeof static struct switch typedef union unsigned void volatile catch class delete false import new operator private protected public this throw true try typeof alignof align_union asm axiom bool concept concept_map const_cast constexpr decltype dynamic_cast explicit export friend inline late_check mutable namespace nullptr reinterpret_cast static_assert static_cast template typeid typename using virtual wchar_t where break continue do else for if return while auto case char const default double enum extern float goto int long register short signed sizeof static struct switch typedef union unsigned void volatile catch class delete false import new operator private protected public this throw true try typeof abstract boolean byte extends final finally implements import instanceof null native package strictfp super synchronized throws transient as base by checked decimal delegate descending event fixed foreach from group implicit in interface internal into is lock object out override orderby params partial readonly ref sbyte sealed stackalloc string select uint ulong unchecked unsafe ushort var break continue do else for if return while auto case char const default double enum extern float goto int long register short signed sizeof static struct switch typedef union unsigned void volatile catch class delete false import new operator private protected public this throw true try typeof debugger eval export function get null set undefined var with Infinity NaN caller delete die do dump elsif eval exit foreach for goto if import last local my next no our print package redo require sub undef unless until use wantarray while BEGIN END break continue do else for if return while and as assert class def del elif except exec finally from global import in is lambda nonlocal not or pass print raise try with yield False True None break continue do else for if return while alias and begin case class def defined elsif end ensure false in module next nil not or redo rescue retry self super then true undef unless until when yield BEGIN END break continue do else for if return while case done elif esac eval fi function in local set then until \",","hashComments:true,cStyleComments:true,multiLineStrings:true,regexLiterals:true}),G={};u(la,[\"default-code\"]);u(B([],[[z,/^[^<?]+/],[\"dec\",/^<!\\w[^>]*(?:>|$)/],[C,/^<\\!--[\\s\\S]*?(?:-\\->|$)/],[\"lang-\",/^<\\?([\\s\\S]+?)(?:\\?>|$)/],[\"lang-\",/^<%([\\s\\S]+?)(?:%>|$)/],[E,/^(?:<[%?]|[%?]>)/],[\"lang-\",/^<xmp\\b[^>]*>([\\s\\S]+?)<\\/xmp\\b[^>]*>/i],[\"lang-js\",/^<script\\b[^>]*>([\\s\\S]*?)(<\\/script\\b[^>]*>)/i],[\"lang-css\",/^<style\\b[^>]*>([\\s\\S]*?)(<\\/style\\b[^>]*>)/i],[\"lang-in.tag\",/^(<\\/?[a-z][^<>]*>)/i]]),[\"default-markup\",","\"htm\",\"html\",\"mxml\",\"xhtml\",\"xml\",\"xsl\"]);u(B([[z,/^[\\s]+/,null,\" \\t\\r\\n\"],[\"atv\",/^(?:\\\"[^\\\"]*\\\"?|\\'[^\\']*\\'?)/,null,\"\\\"'\"]],[[\"tag\",/^^<\\/?[a-z](?:[\\w.:-]*\\w)?|\\/?>$/i],[\"atn\",/^(?!style[\\s=]|on)[a-z](?:[\\w:-]*\\w)?/i],[\"lang-uq.val\",/^=\\s*([^>\\'\\\"\\s]*(?:[^>\\'\\\"\\s\\/]|\\/(?=\\s)))/],[E,/^[=<>\\/]+/],[\"lang-js\",/^on\\w+\\s*=\\s*\\\"([^\\\"]+)\\\"/i],[\"lang-js\",/^on\\w+\\s*=\\s*\\'([^\\']+)\\'/i],[\"lang-js\",/^on\\w+\\s*=\\s*([^\\\"\\'>\\s]+)/i],[\"lang-css\",/^style\\s*=\\s*\\\"([^\\\"]+)\\\"/i],[\"lang-css\",/^style\\s*=\\s*\\'([^\\']+)\\'/i],","[\"lang-css\",/^style\\s*=\\s*([^\\\"\\'>\\s]+)/i]]),[\"in.tag\"]);u(B([],[[\"atv\",/^[\\s\\S]+/]]),[\"uq.val\"]);u(x({keywords:\"break continue do else for if return while auto case char const default double enum extern float goto int long register short signed sizeof static struct switch typedef union unsigned void volatile catch class delete false import new operator private protected public this throw true try typeof alignof align_union asm axiom bool concept concept_map const_cast constexpr decltype dynamic_cast explicit export friend inline late_check mutable namespace nullptr reinterpret_cast static_assert static_cast template typeid typename using virtual wchar_t where \",","hashComments:true,cStyleComments:true}),[\"c\",\"cc\",\"cpp\",\"cxx\",\"cyc\",\"m\"]);u(x({keywords:\"null true false\"}),[\"json\"]);u(x({keywords:\"break continue do else for if return while auto case char const default double enum extern float goto int long register short signed sizeof static struct switch typedef union unsigned void volatile catch class delete false import new operator private protected public this throw true try typeof abstract boolean byte extends final finally implements import instanceof null native package strictfp super synchronized throws transient as base by checked decimal delegate descending event fixed foreach from group implicit in interface internal into is lock object out override orderby params partial readonly ref sbyte sealed stackalloc string select uint ulong unchecked unsafe ushort var \",","hashComments:true,cStyleComments:true,verbatimStrings:true}),[\"cs\"]);u(x({keywords:\"break continue do else for if return while auto case char const default double enum extern float goto int long register short signed sizeof static struct switch typedef union unsigned void volatile catch class delete false import new operator private protected public this throw true try typeof abstract boolean byte extends final finally implements import instanceof null native package strictfp super synchronized throws transient \",","cStyleComments:true}),[\"java\"]);u(x({keywords:\"break continue do else for if return while case done elif esac eval fi function in local set then until \",hashComments:true,multiLineStrings:true}),[\"bsh\",\"csh\",\"sh\"]);u(x({keywords:\"break continue do else for if return while and as assert class def del elif except exec finally from global import in is lambda nonlocal not or pass print raise try with yield False True None \",hashComments:true,multiLineStrings:true,tripleQuotedStrings:true}),[\"cv\",\"py\"]);","u(x({keywords:\"caller delete die do dump elsif eval exit foreach for goto if import last local my next no our print package redo require sub undef unless until use wantarray while BEGIN END \",hashComments:true,multiLineStrings:true,regexLiterals:true}),[\"perl\",\"pl\",\"pm\"]);u(x({keywords:\"break continue do else for if return while alias and begin case class def defined elsif end ensure false in module next nil not or redo rescue retry self super then true undef unless until when yield BEGIN END \",hashComments:true,","multiLineStrings:true,regexLiterals:true}),[\"rb\"]);u(x({keywords:\"break continue do else for if return while auto case char const default double enum extern float goto int long register short signed sizeof static struct switch typedef union unsigned void volatile catch class delete false import new operator private protected public this throw true try typeof debugger eval export function get null set undefined var with Infinity NaN \",cStyleComments:true,regexLiterals:true}),[\"js\"]);u(B([],[[A,/^[\\s\\S]+/]]),","[\"regex\"]);window.PR_normalizedHtml=H;window.prettyPrintOne=function(b,f){var i={f:b,e:f};U(i);return i.a};window.prettyPrint=function(b){function f(){for(var t=window.PR_SHOULD_USE_CONTINUATION?j.now()+250:Infinity;q<o.length&&j.now()<t;q++){var p=o[q];if(p.className&&p.className.indexOf(\"prettyprint\")>=0){var c=p.className.match(/\\blang-(\\w+)\\b/);if(c)c=c[1];for(var d=false,a=p.parentNode;a;a=a.parentNode)if((a.tagName===\"pre\"||a.tagName===\"code\"||a.tagName===\"xmp\")&&a.className&&a.className.indexOf(\"prettyprint\")>=","0){d=true;break}if(!d){a=p;if(null===K){d=document.createElement(\"PRE\");d.appendChild(document.createTextNode('<!DOCTYPE foo PUBLIC \"foo bar\">\\n<foo />'));K=!/</.test(d.innerHTML)}if(K){d=a.innerHTML;if(\"XMP\"===a.tagName)d=y(d);else{a=a;if(\"PRE\"===a.tagName)a=true;else if(ka.test(d)){var k=\"\";if(a.currentStyle)k=a.currentStyle.whiteSpace;else if(window.getComputedStyle)k=window.getComputedStyle(a,null).whiteSpace;a=!k||k===\"pre\"}else a=true;a||(d=d.replace(/(<br\\s*\\/?>)[\\r\\n]+/g,\"$1\").replace(/(?:[\\r\\n]+[ \\t]*)+/g,","\" \"))}d=d}else{d=[];for(a=a.firstChild;a;a=a.nextSibling)H(a,d);d=d.join(\"\")}d=d.replace(/(?:\\r\\n?|\\n)$/,\"\");m={f:d,e:c,b:p};U(m);if(p=m.a){c=m.b;if(\"XMP\"===c.tagName){d=document.createElement(\"PRE\");for(a=0;a<c.attributes.length;++a){k=c.attributes[a];if(k.specified)if(k.name.toLowerCase()===\"class\")d.className=k.value;else d.setAttribute(k.name,k.value)}d.innerHTML=p;c.parentNode.replaceChild(d,c)}else c.innerHTML=p}}}}if(q<o.length)setTimeout(f,250);else b&&b()}for(var i=[document.getElementsByTagName(\"pre\"),","document.getElementsByTagName(\"code\"),document.getElementsByTagName(\"xmp\")],o=[],l=0;l<i.length;++l)for(var n=0,r=i[l].length;n<r;++n)o.push(i[l][n]);i=null;var j=Date;j.now||(j={now:function(){return(new Date).getTime()}});var q=0,m;f()};window.PR={combinePrefixPatterns:O,createSimpleLexer:B,registerLangHandler:u,sourceDecorator:x,PR_ATTRIB_NAME:\"atn\",PR_ATTRIB_VALUE:\"atv\",PR_COMMENT:C,PR_DECLARATION:\"dec\",PR_KEYWORD:R,PR_LITERAL:J,PR_NOCODE:V,PR_PLAIN:z,PR_PUNCTUATION:E,PR_SOURCE:P,PR_STRING:A,","PR_TAG:\"tag\",PR_TYPE:S}})()"],"l":{"1":2,"2":1,"3":1,"4":1,"5":0,"6":1,"7":0,"8":1,"9":1,"10":1,"11":0,"12":0,"13":1,"14":0,"15":1,"16":1,"17":0,"18":0,"19":0,"21":0,"22":0,"23":0,"24":0,"25":0,"26":0,"27":0,"28":0,"29":1,"30":0,"31":0,"32":0}},"/home/travis/build/npmtest/node-npmtest-iodocs/node_modules/iodocs/public/javascripts/utilities.js":{"path":"/home/travis/build/npmtest/node-npmtest-iodocs/node_modules/iodocs/public/javascripts/utilities.js","s":{"1":2,"2":1,"3":0,"4":0,"5":1,"6":0,"7":0,"8":0,"9":0,"10":1,"11":0,"12":0,"13":0,"14":0,"15":0,"16":0,"17":0,"18":0,"19":0,"20":0,"21":0,"22":0,"23":0,"24":0,"25":0,"26":0,"27":0,"28":1,"29":0,"30":1,"31":0,"32":0,"33":0,"34":0,"35":0,"36":0,"37":0,"38":0,"39":0,"40":0,"41":0,"42":0,"43":0},"b":{"1":[0,0],"2":[0,0],"3":[0,0],"4":[0,0],"5":[0,0],"6":[0,0],"7":[0,0],"8":[0,0],"9":[0,0],"10":[0,0]},"f":{"1":0,"2":0,"3":0,"4":0,"5":0,"6":0},"fnMap":{"1":{"name":"(anonymous_1)","line":2,"loc":{"start":{"line":2,"column":1},"end":{"line":2,"column":12}}},"2":{"name":"c","line":2,"loc":{"start":{"line":2,"column":13},"end":{"line":2,"column":25}}},"3":{"name":"spaces","line":4,"loc":{"start":{"line":4,"column":0},"end":{"line":4,"column":21}}},"4":{"name":"formatXML","line":15,"loc":{"start":{"line":15,"column":0},"end":{"line":15,"column":24}}},"5":{"name":"formatJSON","line":52,"loc":{"start":{"line":52,"column":0},"end":{"line":52,"column":32}}},"6":{"name":"selectElementText","line":57,"loc":{"start":{"line":57,"column":0},"end":{"line":57,"column":36}}}},"statementMap":{"1":{"start":{"line":2,"column":0},"end":{"line":2,"column":254}},"2":{"start":{"line":2,"column":13},"end":{"line":2,"column":27}},"3":{"start":{"line":2,"column":27},"end":{"line":2,"column":216}},"4":{"start":{"line":2,"column":204},"end":{"line":2,"column":216}},"5":{"start":{"line":4,"column":0},"end":{"line":13,"column":1}},"6":{"start":{"line":5,"column":4},"end":{"line":6,"column":21}},"7":{"start":{"line":8,"column":4},"end":{"line":10,"column":5}},"8":{"start":{"line":9,"column":8},"end":{"line":9,"column":17}},"9":{"start":{"line":12,"column":4},"end":{"line":12,"column":13}},"10":{"start":{"line":15,"column":0},"end":{"line":50,"column":1}},"11":{"start":{"line":16,"column":4},"end":{"line":16,"column":17}},"12":{"start":{"line":19,"column":4},"end":{"line":19,"column":49}},"13":{"start":{"line":22,"column":4},"end":{"line":24,"column":13}},"14":{"start":{"line":27,"column":4},"end":{"line":27,"column":33}},"15":{"start":{"line":30,"column":4},"end":{"line":46,"column":5}},"16":{"start":{"line":31,"column":8},"end":{"line":31,"column":19}},"17":{"start":{"line":32,"column":8},"end":{"line":32,"column":25}},"18":{"start":{"line":34,"column":8},"end":{"line":42,"column":9}},"19":{"start":{"line":35,"column":12},"end":{"line":35,"column":23}},"20":{"start":{"line":36,"column":15},"end":{"line":42,"column":9}},"21":{"start":{"line":37,"column":12},"end":{"line":37,"column":21}},"22":{"start":{"line":38,"column":15},"end":{"line":42,"column":9}},"23":{"start":{"line":39,"column":12},"end":{"line":39,"column":23}},"24":{"start":{"line":41,"column":12},"end":{"line":41,"column":23}},"25":{"start":{"line":44,"column":8},"end":{"line":44,"column":41}},"26":{"start":{"line":45,"column":8},"end":{"line":45,"column":22}},"27":{"start":{"line":48,"column":4},"end":{"line":48,"column":15}},"28":{"start":{"line":52,"column":0},"end":{"line":54,"column":1}},"29":{"start":{"line":53,"column":4},"end":{"line":53,"column":52}},"30":{"start":{"line":57,"column":0},"end":{"line":72,"column":1}},"31":{"start":{"line":58,"column":4},"end":{"line":58,"column":15}},"32":{"start":{"line":59,"column":4},"end":{"line":59,"column":24}},"33":{"start":{"line":60,"column":4},"end":{"line":60,"column":39}},"34":{"start":{"line":61,"column":4},"end":{"line":71,"column":5}},"35":{"start":{"line":62,"column":8},"end":{"line":62,"column":33}},"36":{"start":{"line":63,"column":8},"end":{"line":63,"column":34}},"37":{"start":{"line":64,"column":8},"end":{"line":64,"column":37}},"38":{"start":{"line":65,"column":8},"end":{"line":65,"column":30}},"39":{"start":{"line":66,"column":8},"end":{"line":66,"column":28}},"40":{"start":{"line":67,"column":11},"end":{"line":71,"column":5}},"41":{"start":{"line":68,"column":8},"end":{"line":68,"column":43}},"42":{"start":{"line":69,"column":8},"end":{"line":69,"column":36}},"43":{"start":{"line":70,"column":8},"end":{"line":70,"column":23}}},"branchMap":{"1":{"line":2,"type":"binary-expr","locations":[{"start":{"line":2,"column":209},"end":{"line":2,"column":213}},{"start":{"line":2,"column":215},"end":{"line":2,"column":216}}]},"2":{"line":2,"type":"binary-expr","locations":[{"start":{"line":2,"column":234},"end":{"line":2,"column":248}},{"start":{"line":2,"column":250},"end":{"line":2,"column":252}}]},"3":{"line":34,"type":"if","locations":[{"start":{"line":34,"column":8},"end":{"line":34,"column":8}},{"start":{"line":34,"column":8},"end":{"line":34,"column":8}}]},"4":{"line":36,"type":"if","locations":[{"start":{"line":36,"column":15},"end":{"line":36,"column":15}},{"start":{"line":36,"column":15},"end":{"line":36,"column":15}}]},"5":{"line":36,"type":"binary-expr","locations":[{"start":{"line":36,"column":19},"end":{"line":36,"column":39}},{"start":{"line":36,"column":43},"end":{"line":36,"column":50}}]},"6":{"line":38,"type":"if","locations":[{"start":{"line":38,"column":15},"end":{"line":38,"column":15}},{"start":{"line":38,"column":15},"end":{"line":38,"column":15}}]},"7":{"line":59,"type":"binary-expr","locations":[{"start":{"line":59,"column":10},"end":{"line":59,"column":13}},{"start":{"line":59,"column":17},"end":{"line":59,"column":23}}]},"8":{"line":61,"type":"if","locations":[{"start":{"line":61,"column":4},"end":{"line":61,"column":4}},{"start":{"line":61,"column":4},"end":{"line":61,"column":4}}]},"9":{"line":61,"type":"binary-expr","locations":[{"start":{"line":61,"column":8},"end":{"line":61,"column":24}},{"start":{"line":61,"column":28},"end":{"line":61,"column":43}}]},"10":{"line":67,"type":"if","locations":[{"start":{"line":67,"column":11},"end":{"line":67,"column":11}},{"start":{"line":67,"column":11},"end":{"line":67,"column":11}}]}},"code":["// make it safe to use console.log always","(function(b){function c(){}for(var d=\"assert,count,debug,dir,dirxml,error,exception,group,groupCollapsed,groupEnd,info,log,markTimeline,profile,profileEnd,time,timeEnd,trace,warn\".split(\",\"),a;a=d.pop();)b[a]=b[a]||c})(window.console=window.console||{});","","function spaces(len) {","    var s = '',","    indent = len * 4;","","    for (var i = 0; i < indent;i++) {","        s += \" \";","    }","","    return s;","}","","function formatXML(str) {","    var xml = '';","","    // add newlines","    str = str.replace(/(>)(<)(\\/*)/g,\"$1\\r$2$3\");","","    // add indents","    var pad = 0,","        indent,","        node;","","    // split the string","    var strArr = str.split(\"\\r\");","","    // check the various tag states","    for (var i = 0, len = strArr.length; i < len; i++) {","        indent = 0;","        node = strArr[i];","","        if (node.match(/.+<\\/\\w[^>]*>$/)) { //open and closing in the same line","            indent = 0;","        } else if (node.match(/^<\\/\\w/) && pad > 0) { // closing tag","            pad -= 1;","        } else if (node.match(/^<\\w[^>]*[^\\/]>.*$/)) { //opening tag","            indent = 1;","        } else {","            indent = 0;","        }","","        xml += spaces(pad) + node + \"\\r\";","        pad += indent;","    }","","    return xml;","","}","","function formatJSON(jsonString) {","    return JSON.stringify(jsonString, null, '    ');","}","","// Cause the browser to \"select\" all the text in an element","function selectElementText(el, win) {","    el.focus();","    win = win || window;","    var doc = win.document, sel, range;","    if (win.getSelection && doc.createRange) {","        sel = win.getSelection();","        range = doc.createRange();","        range.selectNodeContents(el);","        sel.removeAllRanges();","        sel.addRange(range);","    } else if (doc.body.createTextRange) {","        range = doc.body.createTextRange();","        range.moveToElementText(el);","        range.select();","    }","}"],"l":{"2":2,"4":1,"5":0,"8":0,"9":0,"12":0,"15":1,"16":0,"19":0,"22":0,"27":0,"30":0,"31":0,"32":0,"34":0,"35":0,"36":0,"37":0,"38":0,"39":0,"41":0,"44":0,"45":0,"48":0,"52":1,"53":0,"57":1,"58":0,"59":0,"60":0,"61":0,"62":0,"63":0,"64":0,"65":0,"66":0,"67":0,"68":0,"69":0,"70":0}}}